14:25:47.114 [TextReader] ERROR TextReader - Incorrect filename text.txt
14:26:33.070 [TextReader] ERROR TextReader - Incorrect filename file/text.txt
14:27:00.414 [TextReader] INFO  TextReader - Our text is     It has survived - not only (five) centuries, but also the leap into electronic
typesetting, remaining essentially unchanged. It was popularised in the “Динамо” (Рига)
with the release of Letraset sheets.toString() containing Lorem Ipsum passages, and
more recently with desktop publishing software like Aldus PageMaker Faclon9 including
versions of Lorem Ipsum!
    It is a long a!=b established fact that a reader will be distracted by the readable
content of a page when looking at its layout. The point of using Ipsum is that it has a
more-or-less normal distribution ob.toString(a?b:c), as opposed to using (Content here),
content here's, making it look like readable English?
    It is a established fact that a reader will be of a page when looking at its layout...
    Bye бандерлоги.
12:15:13.878 [TextReader] INFO  TextReader - Our text is     It has survived - not only (five) centuries, but also the leap into electronic
typesetting, remaining essentially unchanged. It was popularised in the “Динамо” (Рига)
with the release of Letraset sheets.toString() containing Lorem Ipsum passages, and
more recently with desktop publishing software like Aldus PageMaker Faclon9 including
versions of Lorem Ipsum!
    It is a long a!=b established fact that a reader will be distracted by the readable
content of a page when looking at its layout. The point of using Ipsum is that it has a
more-or-less normal distribution ob.toString(a?b:c), as opposed to using (Content here),
content here's, making it look like readable English?
    It is a established fact that a reader will be of a page when looking at its layout...
    Bye бандерлоги.
12:15:13.894 [TextComposite] INFO  TextComposite - Add new component 
12:15:13.894 [TextComposite] INFO  TextComposite - Add new component 
12:15:13.894 [TextComposite] INFO  TextComposite - Add new component 
12:15:13.894 [TextComposite] INFO  TextComposite - Add new component 
12:15:13.894 [TextComposite] INFO  TextComposite - Add new component 
12:15:13.894 [TextComposite] INFO  TextComposite - Add new component 
12:15:13.894 [TextComposite] INFO  TextComposite - Add new component 
12:15:13.894 [TextComposite] INFO  TextComposite - Add new component 
12:15:13.894 [TextComposite] INFO  TextComposite - Add new component 
12:15:13.894 [TextComposite] INFO  TextComposite - Add new component 
12:15:13.894 [TextComposite] INFO  TextComposite - Add new component 
12:15:36.533 [TextReader] INFO  TextReader - Our text is     It has survived - not only (five) centuries, but also the leap into electronic
typesetting, remaining essentially unchanged. It was popularised in the “Динамо” (Рига)
with the release of Letraset sheets.toString() containing Lorem Ipsum passages, and
more recently with desktop publishing software like Aldus PageMaker Faclon9 including
versions of Lorem Ipsum!
    It is a long a!=b established fact that a reader will be distracted by the readable
content of a page when looking at its layout. The point of using Ipsum is that it has a
more-or-less normal distribution ob.toString(a?b:c), as opposed to using (Content here),
content here's, making it look like readable English?
    It is a established fact that a reader will be of a page when looking at its layout...
    Bye бандерлоги.
12:15:36.548 [TextComposite] INFO  TextComposite - Add new component 
12:15:36.548 [TextComposite] INFO  TextComposite - Add new component 
12:15:36.548 [TextComposite] INFO  TextComposite - Add new component 
12:15:36.548 [TextComposite] INFO  TextComposite - Add new component 
12:15:36.548 [TextComposite] INFO  TextComposite - Add new component 
12:15:36.548 [TextComposite] INFO  TextComposite - Add new component 
12:15:36.548 [TextComposite] INFO  TextComposite - Add new component 
12:15:36.548 [TextComposite] INFO  TextComposite - Add new component 
12:15:36.548 [TextComposite] INFO  TextComposite - Add new component 
12:15:36.548 [TextComposite] INFO  TextComposite - Add new component 
12:15:36.548 [TextComposite] INFO  TextComposite - Add new component 
12:15:59.434 [TextReader] INFO  TextReader - Our text is     It has survived - not only (five) centuries, but also the leap into electronic
typesetting, remaining essentially unchanged. It was popularised in the “Динамо” (Рига)
with the release of Letraset sheets.toString() containing Lorem Ipsum passages, and
more recently with desktop publishing software like Aldus PageMaker Faclon9 including
versions of Lorem Ipsum!
    It is a long a!=b established fact that a reader will be distracted by the readable
content of a page when looking at its layout. The point of using Ipsum is that it has a
more-or-less normal distribution ob.toString(a?b:c), as opposed to using (Content here),
content here's, making it look like readable English?
    It is a established fact that a reader will be of a page when looking at its layout...
    Bye бандерлоги.
12:16:55.372 [TextComposite] INFO  TextComposite - Add new component 
12:16:55.372 [TextComposite] INFO  TextComposite - Add new component 
12:16:55.372 [TextComposite] INFO  TextComposite - Add new component 
12:16:55.372 [TextComposite] INFO  TextComposite - Add new component 
12:16:55.372 [TextComposite] INFO  TextComposite - Add new component 
12:16:55.372 [TextComposite] INFO  TextComposite - Add new component 
12:16:55.372 [TextComposite] INFO  TextComposite - Add new component 
12:16:55.372 [TextComposite] INFO  TextComposite - Add new component 
12:16:55.372 [TextComposite] INFO  TextComposite - Add new component 
12:16:55.388 [TextComposite] INFO  TextComposite - Add new component 
12:16:55.388 [TextComposite] INFO  TextComposite - Add new component 
