21:43:01.657 [main] INFO  by.task.komar.entity.impl.TextComposite - Add new component s
21:43:01.657 [main] INFO  by.task.komar.entity.impl.TextComposite - Add new component consumers
21:43:01.657 [main] INFO  by.task.komar.entity.impl.TextComposite - Add new component consumers
21:43:01.657 [main] INFO  by.task.komar.entity.impl.TextComposite - Add new component a
21:43:01.657 [main] INFO  by.task.komar.entity.impl.TextComposite - Add new component r
21:43:01.657 [main] INFO  by.task.komar.entity.impl.TextComposite - Add new component g
21:43:01.657 [main] INFO  by.task.komar.entity.impl.TextComposite - Add new component u
21:43:01.657 [main] INFO  by.task.komar.entity.impl.TextComposite - Add new component e
21:43:01.657 [main] INFO  by.task.komar.entity.impl.TextComposite - Add new component argue
21:43:01.657 [main] INFO  by.task.komar.entity.impl.TextComposite - Add new component argue
21:43:01.657 [main] INFO  by.task.komar.entity.impl.TextComposite - Add new component t
21:43:01.657 [main] INFO  by.task.komar.entity.impl.TextComposite - Add new component h
21:43:01.657 [main] INFO  by.task.komar.entity.impl.TextComposite - Add new component a
21:43:01.657 [main] INFO  by.task.komar.entity.impl.TextComposite - Add new component t
21:43:01.657 [main] INFO  by.task.komar.entity.impl.TextComposite - Add new component that
21:43:01.657 [main] INFO  by.task.komar.entity.impl.TextComposite - Add new component that
21:43:01.657 [main] INFO  by.task.komar.entity.impl.TextComposite - Add new component a
21:43:01.657 [main] INFO  by.task.komar.entity.impl.TextComposite - Add new component d
21:43:01.657 [main] INFO  by.task.komar.entity.impl.TextComposite - Add new component v
21:43:01.657 [main] INFO  by.task.komar.entity.impl.TextComposite - Add new component e
21:43:01.657 [main] INFO  by.task.komar.entity.impl.TextComposite - Add new component r
21:43:01.657 [main] INFO  by.task.komar.entity.impl.TextComposite - Add new component t
21:43:01.657 [main] INFO  by.task.komar.entity.impl.TextComposite - Add new component i
21:43:01.673 [main] INFO  by.task.komar.entity.impl.TextComposite - Add new component s
21:43:01.673 [main] INFO  by.task.komar.entity.impl.TextComposite - Add new component i
21:43:01.673 [main] INFO  by.task.komar.entity.impl.TextComposite - Add new component n
21:43:01.673 [main] INFO  by.task.komar.entity.impl.TextComposite - Add new component g
21:43:01.673 [main] INFO  by.task.komar.entity.impl.TextComposite - Add new component advertising
21:43:01.673 [main] INFO  by.task.komar.entity.impl.TextComposite - Add new component advertising
21:43:01.673 [main] INFO  by.task.komar.entity.impl.TextComposite - Add new component i
21:43:01.673 [main] INFO  by.task.komar.entity.impl.TextComposite - Add new component s
21:43:01.673 [main] INFO  by.task.komar.entity.impl.TextComposite - Add new component is
21:43:01.673 [main] INFO  by.task.komar.entity.impl.TextComposite - Add new component is
21:43:01.673 [main] INFO  by.task.komar.entity.impl.TextComposite - Add new component a
21:43:01.673 [main] INFO  by.task.komar.entity.impl.TextComposite - Add new component a
21:43:01.673 [main] INFO  by.task.komar.entity.impl.TextComposite - Add new component a
21:43:01.673 [main] INFO  by.task.komar.entity.impl.TextComposite - Add new component b
21:43:01.673 [main] INFO  by.task.komar.entity.impl.TextComposite - Add new component a
21:43:01.673 [main] INFO  by.task.komar.entity.impl.TextComposite - Add new component d
21:43:01.673 [main] INFO  by.task.komar.entity.impl.TextComposite - Add new component bad
21:43:01.673 [main] INFO  by.task.komar.entity.impl.TextComposite - Add new component bad
21:43:01.673 [main] INFO  by.task.komar.entity.impl.TextComposite - Add new component t
21:43:01.673 [main] INFO  by.task.komar.entity.impl.TextComposite - Add new component h
21:43:01.673 [main] INFO  by.task.komar.entity.impl.TextComposite - Add new component i
21:43:01.673 [main] INFO  by.task.komar.entity.impl.TextComposite - Add new component n
21:43:01.673 [main] INFO  by.task.komar.entity.impl.TextComposite - Add new component g
21:43:01.673 [main] INFO  by.task.komar.entity.impl.TextComposite - Add new component thing
21:43:01.673 [main] INFO  by.task.komar.entity.impl.TextComposite - Add new component .
21:43:01.673 [main] INFO  by.task.komar.entity.impl.TextComposite - Add new component thing.
21:43:01.673 [main] INFO  by.task.komar.entity.impl.TextComposite - Add new component But some consumers argue that advertising is a bad thing.
21:43:01.673 [main] INFO  by.task.komar.entity.impl.TextComposite - Add new component T
21:43:01.673 [main] INFO  by.task.komar.entity.impl.TextComposite - Add new component h
21:43:01.673 [main] INFO  by.task.komar.entity.impl.TextComposite - Add new component e
21:43:01.673 [main] INFO  by.task.komar.entity.impl.TextComposite - Add new component y
21:43:01.673 [main] INFO  by.task.komar.entity.impl.TextComposite - Add new component They
21:43:01.673 [main] INFO  by.task.komar.entity.impl.TextComposite - Add new component They
21:43:01.673 [main] INFO  by.task.komar.entity.impl.TextComposite - Add new component s
21:43:01.673 [main] INFO  by.task.komar.entity.impl.TextComposite - Add new component a
21:43:01.673 [main] INFO  by.task.komar.entity.impl.TextComposite - Add new component y
21:43:01.673 [main] INFO  by.task.komar.entity.impl.TextComposite - Add new component say
21:43:01.673 [main] INFO  by.task.komar.entity.impl.TextComposite - Add new component say
21:43:01.673 [main] INFO  by.task.komar.entity.impl.TextComposite - Add new component t
21:43:01.673 [main] INFO  by.task.komar.entity.impl.TextComposite - Add new component h
21:43:01.673 [main] INFO  by.task.komar.entity.impl.TextComposite - Add new component a
21:43:01.673 [main] INFO  by.task.komar.entity.impl.TextComposite - Add new component t
21:43:01.673 [main] INFO  by.task.komar.entity.impl.TextComposite - Add new component that
21:43:01.673 [main] INFO  by.task.komar.entity.impl.TextComposite - Add new component that
21:43:01.673 [main] INFO  by.task.komar.entity.impl.TextComposite - Add new component a
21:43:01.673 [main] INFO  by.task.komar.entity.impl.TextComposite - Add new component d
21:43:01.673 [main] INFO  by.task.komar.entity.impl.TextComposite - Add new component v
21:43:01.673 [main] INFO  by.task.komar.entity.impl.TextComposite - Add new component e
21:43:01.673 [main] INFO  by.task.komar.entity.impl.TextComposite - Add new component r
21:43:01.673 [main] INFO  by.task.komar.entity.impl.TextComposite - Add new component t
21:43:01.689 [main] INFO  by.task.komar.entity.impl.TextComposite - Add new component i
21:43:01.689 [main] INFO  by.task.komar.entity.impl.TextComposite - Add new component s
21:43:01.689 [main] INFO  by.task.komar.entity.impl.TextComposite - Add new component i
21:43:01.689 [main] INFO  by.task.komar.entity.impl.TextComposite - Add new component n
21:43:01.689 [main] INFO  by.task.komar.entity.impl.TextComposite - Add new component g
21:43:01.689 [main] INFO  by.task.komar.entity.impl.TextComposite - Add new component advertising
21:43:01.689 [main] INFO  by.task.komar.entity.impl.TextComposite - Add new component advertising
21:43:01.689 [main] INFO  by.task.komar.entity.impl.TextComposite - Add new component i
21:43:01.689 [main] INFO  by.task.komar.entity.impl.TextComposite - Add new component s
21:43:01.689 [main] INFO  by.task.komar.entity.impl.TextComposite - Add new component is
21:43:01.689 [main] INFO  by.task.komar.entity.impl.TextComposite - Add new component is
21:43:01.689 [main] INFO  by.task.komar.entity.impl.TextComposite - Add new component b
21:43:01.689 [main] INFO  by.task.komar.entity.impl.TextComposite - Add new component a
21:43:01.689 [main] INFO  by.task.komar.entity.impl.TextComposite - Add new component d
21:43:01.689 [main] INFO  by.task.komar.entity.impl.TextComposite - Add new component bad
21:43:01.689 [main] INFO  by.task.komar.entity.impl.TextComposite - Add new component bad
21:43:01.689 [main] INFO  by.task.komar.entity.impl.TextComposite - Add new component f
21:43:01.689 [main] INFO  by.task.komar.entity.impl.TextComposite - Add new component o
21:43:01.689 [main] INFO  by.task.komar.entity.impl.TextComposite - Add new component r
21:43:01.689 [main] INFO  by.task.komar.entity.impl.TextComposite - Add new component for
21:43:01.689 [main] INFO  by.task.komar.entity.impl.TextComposite - Add new component for
21:43:01.689 [main] INFO  by.task.komar.entity.impl.TextComposite - Add new component c
21:43:01.689 [main] INFO  by.task.komar.entity.impl.TextComposite - Add new component h
21:43:01.689 [main] INFO  by.task.komar.entity.impl.TextComposite - Add new component i
21:43:01.689 [main] INFO  by.task.komar.entity.impl.TextComposite - Add new component l
21:43:01.689 [main] INFO  by.task.komar.entity.impl.TextComposite - Add new component d
21:43:01.689 [main] INFO  by.task.komar.entity.impl.TextComposite - Add new component r
21:43:01.689 [main] INFO  by.task.komar.entity.impl.TextComposite - Add new component e
21:43:01.689 [main] INFO  by.task.komar.entity.impl.TextComposite - Add new component n
21:43:01.689 [main] INFO  by.task.komar.entity.impl.TextComposite - Add new component children
21:43:01.689 [main] INFO  by.task.komar.entity.impl.TextComposite - Add new component .
21:43:01.689 [main] INFO  by.task.komar.entity.impl.TextComposite - Add new component children.
21:43:01.689 [main] INFO  by.task.komar.entity.impl.TextComposite - Add new component They say that advertising is bad for children.
21:43:01.689 [main] INFO  by.task.komar.entity.impl.TextComposite - Add new component Without advertising life is boring and colourless. But some consumers argue that advertising is a bad thing. They say that advertising is bad for children.
21:43:01.689 [main] INFO  by.task.komar.entity.impl.TextComposite - Add new component A
21:43:01.689 [main] INFO  by.task.komar.entity.impl.TextComposite - Add new component n
21:43:01.689 [main] INFO  by.task.komar.entity.impl.TextComposite - Add new component d
21:43:01.689 [main] INFO  by.task.komar.entity.impl.TextComposite - Add new component And
21:43:01.689 [main] INFO  by.task.komar.entity.impl.TextComposite - Add new component And
21:43:01.689 [main] INFO  by.task.komar.entity.impl.TextComposite - Add new component a
21:43:01.689 [main] INFO  by.task.komar.entity.impl.TextComposite - Add new component d
21:43:01.689 [main] INFO  by.task.komar.entity.impl.TextComposite - Add new component v
21:43:01.689 [main] INFO  by.task.komar.entity.impl.TextComposite - Add new component e
21:43:01.689 [main] INFO  by.task.komar.entity.impl.TextComposite - Add new component r
21:43:01.689 [main] INFO  by.task.komar.entity.impl.TextComposite - Add new component t
21:43:01.689 [main] INFO  by.task.komar.entity.impl.TextComposite - Add new component s
21:43:01.689 [main] INFO  by.task.komar.entity.impl.TextComposite - Add new component adverts
21:43:01.689 [main] INFO  by.task.komar.entity.impl.TextComposite - Add new component adverts
21:43:01.689 [main] INFO  by.task.komar.entity.impl.TextComposite - Add new component o
21:43:01.689 [main] INFO  by.task.komar.entity.impl.TextComposite - Add new component n
21:43:01.689 [main] INFO  by.task.komar.entity.impl.TextComposite - Add new component on
21:43:01.704 [main] INFO  by.task.komar.entity.impl.TextComposite - Add new component on
21:43:01.704 [main] INFO  by.task.komar.entity.impl.TextComposite - Add new component T
21:43:01.704 [main] INFO  by.task.komar.entity.impl.TextComposite - Add new component V
21:43:01.704 [main] INFO  by.task.komar.entity.impl.TextComposite - Add new component TV
21:43:01.704 [main] INFO  by.task.komar.entity.impl.TextComposite - Add new component TV
21:43:01.704 [main] INFO  by.task.komar.entity.impl.TextComposite - Add new component a
21:43:01.704 [main] INFO  by.task.komar.entity.impl.TextComposite - Add new component r
21:43:01.704 [main] INFO  by.task.komar.entity.impl.TextComposite - Add new component e
21:43:01.704 [main] INFO  by.task.komar.entity.impl.TextComposite - Add new component are
21:43:01.704 [main] INFO  by.task.komar.entity.impl.TextComposite - Add new component are
21:43:01.704 [main] INFO  by.task.komar.entity.impl.TextComposite - Add new component o
21:43:01.704 [main] INFO  by.task.komar.entity.impl.TextComposite - Add new component f
21:43:01.704 [main] INFO  by.task.komar.entity.impl.TextComposite - Add new component t
21:43:01.704 [main] INFO  by.task.komar.entity.impl.TextComposite - Add new component e
21:43:01.704 [main] INFO  by.task.komar.entity.impl.TextComposite - Add new component n
21:43:01.704 [main] INFO  by.task.komar.entity.impl.TextComposite - Add new component often
21:43:01.704 [main] INFO  by.task.komar.entity.impl.TextComposite - Add new component often
21:43:01.704 [main] INFO  by.task.komar.entity.impl.TextComposite - Add new component f
21:43:01.704 [main] INFO  by.task.komar.entity.impl.TextComposite - Add new component u
21:43:01.704 [main] INFO  by.task.komar.entity.impl.TextComposite - Add new component n
21:43:01.704 [main] INFO  by.task.komar.entity.impl.TextComposite - Add new component n
21:43:01.704 [main] INFO  by.task.komar.entity.impl.TextComposite - Add new component y
21:43:01.704 [main] INFO  by.task.komar.entity.impl.TextComposite - Add new component funny
21:43:01.704 [main] INFO  by.task.komar.entity.impl.TextComposite - Add new component .
21:43:01.704 [main] INFO  by.task.komar.entity.impl.TextComposite - Add new component funny.
21:43:01.704 [main] INFO  by.task.komar.entity.impl.TextComposite - Add new component And adverts on TV are often funny.
21:43:01.704 [main] INFO  by.task.komar.entity.impl.TextComposite - Add new component S
21:43:01.704 [main] INFO  by.task.komar.entity.impl.TextComposite - Add new component o
21:43:01.704 [main] INFO  by.task.komar.entity.impl.TextComposite - Add new component m
21:43:01.704 [main] INFO  by.task.komar.entity.impl.TextComposite - Add new component e
21:43:01.704 [main] INFO  by.task.komar.entity.impl.TextComposite - Add new component t
21:43:01.704 [main] INFO  by.task.komar.entity.impl.TextComposite - Add new component i
21:43:01.704 [main] INFO  by.task.komar.entity.impl.TextComposite - Add new component m
21:43:01.704 [main] INFO  by.task.komar.entity.impl.TextComposite - Add new component e
21:43:01.704 [main] INFO  by.task.komar.entity.impl.TextComposite - Add new component s
21:43:01.704 [main] INFO  by.task.komar.entity.impl.TextComposite - Add new component Sometimes
21:43:01.704 [main] INFO  by.task.komar.entity.impl.TextComposite - Add new component Sometimes
21:43:01.704 [main] INFO  by.task.komar.entity.impl.TextComposite - Add new component t
21:43:01.704 [main] INFO  by.task.komar.entity.impl.TextComposite - Add new component h
21:43:01.704 [main] INFO  by.task.komar.entity.impl.TextComposite - Add new component e
21:43:01.704 [main] INFO  by.task.komar.entity.impl.TextComposite - Add new component y
21:43:01.704 [main] INFO  by.task.komar.entity.impl.TextComposite - Add new component they
21:43:01.704 [main] INFO  by.task.komar.entity.impl.TextComposite - Add new component they
21:43:01.704 [main] INFO  by.task.komar.entity.impl.TextComposite - Add new component a
