21:43:01.501 [main] INFO  by.task.komar.entity.impl.TextComposite - Add new component b
21:43:01.501 [main] INFO  by.task.komar.entity.impl.TextComposite - Add new component l
21:43:01.501 [main] INFO  by.task.komar.entity.impl.TextComposite - Add new component e
21:43:01.501 [main] INFO  by.task.komar.entity.impl.TextComposite - Add new component fashionable
21:43:01.501 [main] INFO  by.task.komar.entity.impl.TextComposite - Add new component fashionable
21:43:01.501 [main] INFO  by.task.komar.entity.impl.TextComposite - Add new component a
21:43:01.501 [main] INFO  by.task.komar.entity.impl.TextComposite - Add new component n
21:43:01.501 [main] INFO  by.task.komar.entity.impl.TextComposite - Add new component d
21:43:01.501 [main] INFO  by.task.komar.entity.impl.TextComposite - Add new component and
21:43:01.501 [main] INFO  by.task.komar.entity.impl.TextComposite - Add new component and
21:43:01.501 [main] INFO  by.task.komar.entity.impl.TextComposite - Add new component b
21:43:01.501 [main] INFO  by.task.komar.entity.impl.TextComposite - Add new component e
21:43:01.501 [main] INFO  by.task.komar.entity.impl.TextComposite - Add new component be
21:43:01.501 [main] INFO  by.task.komar.entity.impl.TextComposite - Add new component be
21:43:01.501 [main] INFO  by.task.komar.entity.impl.TextComposite - Add new component s
21:43:01.501 [main] INFO  by.task.komar.entity.impl.TextComposite - Add new component u
21:43:01.501 [main] INFO  by.task.komar.entity.impl.TextComposite - Add new component c
21:43:01.501 [main] INFO  by.task.komar.entity.impl.TextComposite - Add new component c
21:43:01.501 [main] INFO  by.task.komar.entity.impl.TextComposite - Add new component e
21:43:01.501 [main] INFO  by.task.komar.entity.impl.TextComposite - Add new component s
21:43:01.501 [main] INFO  by.task.komar.entity.impl.TextComposite - Add new component s
21:43:01.501 [main] INFO  by.task.komar.entity.impl.TextComposite - Add new component f
21:43:01.501 [main] INFO  by.task.komar.entity.impl.TextComposite - Add new component u
21:43:01.501 [main] INFO  by.task.komar.entity.impl.TextComposite - Add new component l
21:43:01.501 [main] INFO  by.task.komar.entity.impl.TextComposite - Add new component successful
21:43:01.501 [main] INFO  by.task.komar.entity.impl.TextComposite - Add new component .
21:43:01.501 [main] INFO  by.task.komar.entity.impl.TextComposite - Add new component successful.
21:43:01.501 [main] INFO  by.task.komar.entity.impl.TextComposite - Add new component And adverts in magazines give us ideas for how to look prettier, be fashionable and be successful.
21:43:01.501 [main] INFO  by.task.komar.entity.impl.TextComposite - Add new component And adverts on TV are often funny. Sometimes they are mini-dramas and we wait for the next programme in the mini-drama. Advertising can educate, too. Adverts tell us about new, healthy products. And adverts in magazines give us ideas for how to look prettier, be fashionable and be successful.
21:43:01.501 [main] INFO  by.task.komar.entity.impl.TextComposite - Add new component W
21:43:01.501 [main] INFO  by.task.komar.entity.impl.TextComposite - Add new component i
21:43:01.501 [main] INFO  by.task.komar.entity.impl.TextComposite - Add new component t
21:43:01.501 [main] INFO  by.task.komar.entity.impl.TextComposite - Add new component h
21:43:01.501 [main] INFO  by.task.komar.entity.impl.TextComposite - Add new component o
21:43:01.501 [main] INFO  by.task.komar.entity.impl.TextComposite - Add new component u
21:43:01.501 [main] INFO  by.task.komar.entity.impl.TextComposite - Add new component t
21:43:01.501 [main] INFO  by.task.komar.entity.impl.TextComposite - Add new component Without
21:43:01.501 [main] INFO  by.task.komar.entity.impl.TextComposite - Add new component Without
21:43:01.501 [main] INFO  by.task.komar.entity.impl.TextComposite - Add new component a
21:43:01.501 [main] INFO  by.task.komar.entity.impl.TextComposite - Add new component d
21:43:01.501 [main] INFO  by.task.komar.entity.impl.TextComposite - Add new component v
21:43:01.501 [main] INFO  by.task.komar.entity.impl.TextComposite - Add new component e
21:43:01.501 [main] INFO  by.task.komar.entity.impl.TextComposite - Add new component r
21:43:01.517 [main] INFO  by.task.komar.entity.impl.TextComposite - Add new component t
21:43:01.517 [main] INFO  by.task.komar.entity.impl.TextComposite - Add new component i
21:43:01.517 [main] INFO  by.task.komar.entity.impl.TextComposite - Add new component s
21:43:01.517 [main] INFO  by.task.komar.entity.impl.TextComposite - Add new component i
21:43:01.517 [main] INFO  by.task.komar.entity.impl.TextComposite - Add new component n
21:43:01.517 [main] INFO  by.task.komar.entity.impl.TextComposite - Add new component g
21:43:01.517 [main] INFO  by.task.komar.entity.impl.TextComposite - Add new component advertising
21:43:01.517 [main] INFO  by.task.komar.entity.impl.TextComposite - Add new component advertising
21:43:01.517 [main] INFO  by.task.komar.entity.impl.TextComposite - Add new component l
21:43:01.517 [main] INFO  by.task.komar.entity.impl.TextComposite - Add new component i
21:43:01.517 [main] INFO  by.task.komar.entity.impl.TextComposite - Add new component f
21:43:01.517 [main] INFO  by.task.komar.entity.impl.TextComposite - Add new component e
21:43:01.517 [main] INFO  by.task.komar.entity.impl.TextComposite - Add new component life
21:43:01.517 [main] INFO  by.task.komar.entity.impl.TextComposite - Add new component life
21:43:01.517 [main] INFO  by.task.komar.entity.impl.TextComposite - Add new component i
21:43:01.517 [main] INFO  by.task.komar.entity.impl.TextComposite - Add new component s
21:43:01.517 [main] INFO  by.task.komar.entity.impl.TextComposite - Add new component is
21:43:01.517 [main] INFO  by.task.komar.entity.impl.TextComposite - Add new component is
21:43:01.517 [main] INFO  by.task.komar.entity.impl.TextComposite - Add new component b
21:43:01.517 [main] INFO  by.task.komar.entity.impl.TextComposite - Add new component o
21:43:01.517 [main] INFO  by.task.komar.entity.impl.TextComposite - Add new component r
21:43:01.517 [main] INFO  by.task.komar.entity.impl.TextComposite - Add new component i
21:43:01.517 [main] INFO  by.task.komar.entity.impl.TextComposite - Add new component n
21:43:01.517 [main] INFO  by.task.komar.entity.impl.TextComposite - Add new component g
21:43:01.517 [main] INFO  by.task.komar.entity.impl.TextComposite - Add new component boring
21:43:01.517 [main] INFO  by.task.komar.entity.impl.TextComposite - Add new component boring
21:43:01.517 [main] INFO  by.task.komar.entity.impl.TextComposite - Add new component a
21:43:01.517 [main] INFO  by.task.komar.entity.impl.TextComposite - Add new component n
21:43:01.517 [main] INFO  by.task.komar.entity.impl.TextComposite - Add new component d
21:43:01.517 [main] INFO  by.task.komar.entity.impl.TextComposite - Add new component and
21:43:01.517 [main] INFO  by.task.komar.entity.impl.TextComposite - Add new component and
21:43:01.517 [main] INFO  by.task.komar.entity.impl.TextComposite - Add new component c
21:43:01.517 [main] INFO  by.task.komar.entity.impl.TextComposite - Add new component o
21:43:01.517 [main] INFO  by.task.komar.entity.impl.TextComposite - Add new component l
21:43:01.517 [main] INFO  by.task.komar.entity.impl.TextComposite - Add new component o
21:43:01.517 [main] INFO  by.task.komar.entity.impl.TextComposite - Add new component u
21:43:01.517 [main] INFO  by.task.komar.entity.impl.TextComposite - Add new component r
21:43:01.517 [main] INFO  by.task.komar.entity.impl.TextComposite - Add new component l
21:43:01.517 [main] INFO  by.task.komar.entity.impl.TextComposite - Add new component e
21:43:01.517 [main] INFO  by.task.komar.entity.impl.TextComposite - Add new component s
21:43:01.517 [main] INFO  by.task.komar.entity.impl.TextComposite - Add new component s
21:43:01.517 [main] INFO  by.task.komar.entity.impl.TextComposite - Add new component colourless
21:43:01.517 [main] INFO  by.task.komar.entity.impl.TextComposite - Add new component .
21:43:01.517 [main] INFO  by.task.komar.entity.impl.TextComposite - Add new component colourless.
21:43:01.517 [main] INFO  by.task.komar.entity.impl.TextComposite - Add new component Without advertising life is boring and colourless.
21:43:01.517 [main] INFO  by.task.komar.entity.impl.TextComposite - Add new component B
21:43:01.532 [main] INFO  by.task.komar.entity.impl.TextComposite - Add new component u
21:43:01.532 [main] INFO  by.task.komar.entity.impl.TextComposite - Add new component t
21:43:01.532 [main] INFO  by.task.komar.entity.impl.TextComposite - Add new component But
21:43:01.532 [main] INFO  by.task.komar.entity.impl.TextComposite - Add new component But
21:43:01.532 [main] INFO  by.task.komar.entity.impl.TextComposite - Add new component s
21:43:01.532 [main] INFO  by.task.komar.entity.impl.TextComposite - Add new component o
21:43:01.532 [main] INFO  by.task.komar.entity.impl.TextComposite - Add new component m
21:43:01.532 [main] INFO  by.task.komar.entity.impl.TextComposite - Add new component e
21:43:01.532 [main] INFO  by.task.komar.entity.impl.TextComposite - Add new component some
21:43:01.532 [main] INFO  by.task.komar.entity.impl.TextComposite - Add new component some
21:43:01.532 [main] INFO  by.task.komar.entity.impl.TextComposite - Add new component c
21:43:01.532 [main] INFO  by.task.komar.entity.impl.TextComposite - Add new component o
21:43:01.532 [main] INFO  by.task.komar.entity.impl.TextComposite - Add new component n
21:43:01.532 [main] INFO  by.task.komar.entity.impl.TextComposite - Add new component s
21:43:01.532 [main] INFO  by.task.komar.entity.impl.TextComposite - Add new component u
21:43:01.532 [main] INFO  by.task.komar.entity.impl.TextComposite - Add new component m
21:43:01.532 [main] INFO  by.task.komar.entity.impl.TextComposite - Add new component e
21:43:01.532 [main] INFO  by.task.komar.entity.impl.TextComposite - Add new component r
21:43:01.532 [main] INFO  by.task.komar.entity.impl.TextComposite - Add new component s
21:43:01.532 [main] INFO  by.task.komar.entity.impl.TextComposite - Add new component consumers
21:43:01.532 [main] INFO  by.task.komar.entity.impl.TextComposite - Add new component consumers
21:43:01.532 [main] INFO  by.task.komar.entity.impl.TextComposite - Add new component a
21:43:01.532 [main] INFO  by.task.komar.entity.impl.TextComposite - Add new component r
21:43:01.532 [main] INFO  by.task.komar.entity.impl.TextComposite - Add new component g
21:43:01.532 [main] INFO  by.task.komar.entity.impl.TextComposite - Add new component u
21:43:01.532 [main] INFO  by.task.komar.entity.impl.TextComposite - Add new component e
21:43:01.532 [main] INFO  by.task.komar.entity.impl.TextComposite - Add new component argue
21:43:01.532 [main] INFO  by.task.komar.entity.impl.TextComposite - Add new component argue
21:43:01.532 [main] INFO  by.task.komar.entity.impl.TextComposite - Add new component t
21:43:01.532 [main] INFO  by.task.komar.entity.impl.TextComposite - Add new component h
21:43:01.532 [main] INFO  by.task.komar.entity.impl.TextComposite - Add new component a
21:43:01.532 [main] INFO  by.task.komar.entity.impl.TextComposite - Add new component t
21:43:01.532 [main] INFO  by.task.komar.entity.impl.TextComposite - Add new component that
21:43:01.532 [main] INFO  by.task.komar.entity.impl.TextComposite - Add new component that
21:43:01.532 [main] INFO  by.task.komar.entity.impl.TextComposite - Add new component a
21:43:01.532 [main] INFO  by.task.komar.entity.impl.TextComposite - Add new component d
21:43:01.532 [main] INFO  by.task.komar.entity.impl.TextComposite - Add new component v
21:43:01.532 [main] INFO  by.task.komar.entity.impl.TextComposite - Add new component e
21:43:01.532 [main] INFO  by.task.komar.entity.impl.TextComposite - Add new component r
21:43:01.532 [main] INFO  by.task.komar.entity.impl.TextComposite - Add new component t
21:43:01.532 [main] INFO  by.task.komar.entity.impl.TextComposite - Add new component i
21:43:01.532 [main] INFO  by.task.komar.entity.impl.TextComposite - Add new component s
21:43:01.532 [main] INFO  by.task.komar.entity.impl.TextComposite - Add new component i
21:43:01.532 [main] INFO  by.task.komar.entity.impl.TextComposite - Add new component n
21:43:01.532 [main] INFO  by.task.komar.entity.impl.TextComposite - Add new component g
21:43:01.532 [main] INFO  by.task.komar.entity.impl.TextComposite - Add new component advertising
21:43:01.532 [main] INFO  by.task.komar.entity.impl.TextComposite - Add new component advertising
21:43:01.532 [main] INFO  by.task.komar.entity.impl.TextComposite - Add new component i
21:43:01.532 [main] INFO  by.task.komar.entity.impl.TextComposite - Add new component s
21:43:01.532 [main] INFO  by.task.komar.entity.impl.TextComposite - Add new component is
21:43:01.548 [main] INFO  by.task.komar.entity.impl.TextComposite - Add new component is
21:43:01.548 [main] INFO  by.task.komar.entity.impl.TextComposite - Add new component a
21:43:01.548 [main] INFO  by.task.komar.entity.impl.TextComposite - Add new component a
21:43:01.548 [main] INFO  by.task.komar.entity.impl.TextComposite - Add new component a
21:43:01.548 [main] INFO  by.task.komar.entity.impl.TextComposite - Add new component b
21:43:01.548 [main] INFO  by.task.komar.entity.impl.TextComposite - Add new component a
21:43:01.548 [main] INFO  by.task.komar.entity.impl.TextComposite - Add new component d
21:43:01.548 [main] INFO  by.task.komar.entity.impl.TextComposite - Add new component bad
21:43:01.548 [main] INFO  by.task.komar.entity.impl.TextComposite - Add new component bad
21:43:01.548 [main] INFO  by.task.komar.entity.impl.TextComposite - Add new component t
21:43:01.548 [main] INFO  by.task.komar.entity.impl.TextComposite - Add new component h
21:43:01.548 [main] INFO  by.task.komar.entity.impl.TextComposite - Add new component i
21:43:01.548 [main] INFO  by.task.komar.entity.impl.TextComposite - Add new component n
21:43:01.548 [main] INFO  by.task.komar.entity.impl.TextComposite - Add new component g
21:43:01.548 [main] INFO  by.task.komar.entity.impl.TextComposite - Add new component thing
21:43:01.548 [main] INFO  by.task.komar.entity.impl.TextComposite - Add new component .
21:43:01.548 [main] INFO  by.task.komar.entity.impl.TextComposite - Add new component thing.
21:43:01.548 [main] INFO  by.task.komar.entity.impl.TextComposite - Add new component But some consumers argue that advertising is a bad thing.
21:43:01.548 [main] INFO  by.task.komar.entity.impl.TextComposite - Add new component T
21:43:01.548 [main] INFO  by.task.komar.entity.impl.TextComposite - Add new component h
21:43:01.548 [main] INFO  by.task.komar.entity.impl.TextComposite - Add new component e
21:43:01.548 [main] INFO  by.task.komar.entity.impl.TextComposite - Add new component y
21:43:01.548 [main] INFO  by.task.komar.entity.impl.TextComposite - Add new component They
21:43:01.548 [main] INFO  by.task.komar.entity.impl.TextComposite - Add new component They
21:43:01.548 [main] INFO  by.task.komar.entity.impl.TextComposite - Add new component s
21:43:01.548 [main] INFO  by.task.komar.entity.impl.TextComposite - Add new component a
