21:43:01.611 [main] INFO  by.task.komar.entity.impl.TextComposite - Add new component v
21:43:01.611 [main] INFO  by.task.komar.entity.impl.TextComposite - Add new component e
21:43:01.611 [main] INFO  by.task.komar.entity.impl.TextComposite - Add new component r
21:43:01.611 [main] INFO  by.task.komar.entity.impl.TextComposite - Add new component t
21:43:01.611 [main] INFO  by.task.komar.entity.impl.TextComposite - Add new component i
21:43:01.611 [main] INFO  by.task.komar.entity.impl.TextComposite - Add new component s
21:43:01.611 [main] INFO  by.task.komar.entity.impl.TextComposite - Add new component i
21:43:01.611 [main] INFO  by.task.komar.entity.impl.TextComposite - Add new component n
21:43:01.611 [main] INFO  by.task.komar.entity.impl.TextComposite - Add new component g
21:43:01.611 [main] INFO  by.task.komar.entity.impl.TextComposite - Add new component advertising
21:43:01.611 [main] INFO  by.task.komar.entity.impl.TextComposite - Add new component advertising
21:43:01.611 [main] INFO  by.task.komar.entity.impl.TextComposite - Add new component i
21:43:01.611 [main] INFO  by.task.komar.entity.impl.TextComposite - Add new component s
21:43:01.611 [main] INFO  by.task.komar.entity.impl.TextComposite - Add new component is
21:43:01.611 [main] INFO  by.task.komar.entity.impl.TextComposite - Add new component is
21:43:01.611 [main] INFO  by.task.komar.entity.impl.TextComposite - Add new component n
21:43:01.611 [main] INFO  by.task.komar.entity.impl.TextComposite - Add new component e
21:43:01.611 [main] INFO  by.task.komar.entity.impl.TextComposite - Add new component c
21:43:01.611 [main] INFO  by.task.komar.entity.impl.TextComposite - Add new component e
21:43:01.611 [main] INFO  by.task.komar.entity.impl.TextComposite - Add new component s
21:43:01.611 [main] INFO  by.task.komar.entity.impl.TextComposite - Add new component s
21:43:01.611 [main] INFO  by.task.komar.entity.impl.TextComposite - Add new component a
21:43:01.611 [main] INFO  by.task.komar.entity.impl.TextComposite - Add new component r
21:43:01.611 [main] INFO  by.task.komar.entity.impl.TextComposite - Add new component y
21:43:01.611 [main] INFO  by.task.komar.entity.impl.TextComposite - Add new component necessary
21:43:01.611 [main] INFO  by.task.komar.entity.impl.TextComposite - Add new component necessary
21:43:01.611 [main] INFO  by.task.komar.entity.impl.TextComposite - Add new component a
21:43:01.611 [main] INFO  by.task.komar.entity.impl.TextComposite - Add new component n
21:43:01.611 [main] INFO  by.task.komar.entity.impl.TextComposite - Add new component d
21:43:01.611 [main] INFO  by.task.komar.entity.impl.TextComposite - Add new component and
21:43:01.611 [main] INFO  by.task.komar.entity.impl.TextComposite - Add new component and
21:43:01.611 [main] INFO  by.task.komar.entity.impl.TextComposite - Add new component i
21:43:01.611 [main] INFO  by.task.komar.entity.impl.TextComposite - Add new component m
21:43:01.611 [main] INFO  by.task.komar.entity.impl.TextComposite - Add new component p
21:43:01.611 [main] INFO  by.task.komar.entity.impl.TextComposite - Add new component o
21:43:01.611 [main] INFO  by.task.komar.entity.impl.TextComposite - Add new component r
21:43:01.611 [main] INFO  by.task.komar.entity.impl.TextComposite - Add new component t
21:43:01.611 [main] INFO  by.task.komar.entity.impl.TextComposite - Add new component a
21:43:01.611 [main] INFO  by.task.komar.entity.impl.TextComposite - Add new component n
21:43:01.611 [main] INFO  by.task.komar.entity.impl.TextComposite - Add new component t
21:43:01.611 [main] INFO  by.task.komar.entity.impl.TextComposite - Add new component important
21:43:01.611 [main] INFO  by.task.komar.entity.impl.TextComposite - Add new component .
21:43:01.611 [main] INFO  by.task.komar.entity.impl.TextComposite - Add new component important.
21:43:01.611 [main] INFO  by.task.komar.entity.impl.TextComposite - Add new component Advertising companies say advertising is necessary and important.
21:43:01.611 [main] INFO  by.task.komar.entity.impl.TextComposite - Add new component I
21:43:01.611 [main] INFO  by.task.komar.entity.impl.TextComposite - Add new component t
21:43:01.626 [main] INFO  by.task.komar.entity.impl.TextComposite - Add new component It
21:43:01.626 [main] INFO  by.task.komar.entity.impl.TextComposite - Add new component It
21:43:01.626 [main] INFO  by.task.komar.entity.impl.TextComposite - Add new component i
21:43:01.626 [main] INFO  by.task.komar.entity.impl.TextComposite - Add new component n
21:43:01.626 [main] INFO  by.task.komar.entity.impl.TextComposite - Add new component f
21:43:01.626 [main] INFO  by.task.komar.entity.impl.TextComposite - Add new component o
21:43:01.626 [main] INFO  by.task.komar.entity.impl.TextComposite - Add new component r
21:43:01.626 [main] INFO  by.task.komar.entity.impl.TextComposite - Add new component m
21:43:01.626 [main] INFO  by.task.komar.entity.impl.TextComposite - Add new component s
21:43:01.626 [main] INFO  by.task.komar.entity.impl.TextComposite - Add new component informs
21:43:01.626 [main] INFO  by.task.komar.entity.impl.TextComposite - Add new component informs
21:43:01.626 [main] INFO  by.task.komar.entity.impl.TextComposite - Add new component p
21:43:01.626 [main] INFO  by.task.komar.entity.impl.TextComposite - Add new component e
21:43:01.626 [main] INFO  by.task.komar.entity.impl.TextComposite - Add new component o
21:43:01.626 [main] INFO  by.task.komar.entity.impl.TextComposite - Add new component p
21:43:01.626 [main] INFO  by.task.komar.entity.impl.TextComposite - Add new component l
21:43:01.626 [main] INFO  by.task.komar.entity.impl.TextComposite - Add new component e
21:43:01.626 [main] INFO  by.task.komar.entity.impl.TextComposite - Add new component people
21:43:01.626 [main] INFO  by.task.komar.entity.impl.TextComposite - Add new component people
21:43:01.626 [main] INFO  by.task.komar.entity.impl.TextComposite - Add new component a
21:43:01.626 [main] INFO  by.task.komar.entity.impl.TextComposite - Add new component b
21:43:01.626 [main] INFO  by.task.komar.entity.impl.TextComposite - Add new component o
21:43:01.626 [main] INFO  by.task.komar.entity.impl.TextComposite - Add new component u
21:43:01.626 [main] INFO  by.task.komar.entity.impl.TextComposite - Add new component t
21:43:01.626 [main] INFO  by.task.komar.entity.impl.TextComposite - Add new component about
21:43:01.626 [main] INFO  by.task.komar.entity.impl.TextComposite - Add new component about
21:43:01.626 [main] INFO  by.task.komar.entity.impl.TextComposite - Add new component n
21:43:01.626 [main] INFO  by.task.komar.entity.impl.TextComposite - Add new component e
21:43:01.626 [main] INFO  by.task.komar.entity.impl.TextComposite - Add new component w
21:43:01.626 [main] INFO  by.task.komar.entity.impl.TextComposite - Add new component new
21:43:01.626 [main] INFO  by.task.komar.entity.impl.TextComposite - Add new component new
21:43:01.626 [main] INFO  by.task.komar.entity.impl.TextComposite - Add new component p
21:43:01.626 [main] INFO  by.task.komar.entity.impl.TextComposite - Add new component r
21:43:01.626 [main] INFO  by.task.komar.entity.impl.TextComposite - Add new component o
21:43:01.626 [main] INFO  by.task.komar.entity.impl.TextComposite - Add new component d
21:43:01.626 [main] INFO  by.task.komar.entity.impl.TextComposite - Add new component u
21:43:01.626 [main] INFO  by.task.komar.entity.impl.TextComposite - Add new component c
21:43:01.626 [main] INFO  by.task.komar.entity.impl.TextComposite - Add new component t
21:43:01.626 [main] INFO  by.task.komar.entity.impl.TextComposite - Add new component s
21:43:01.626 [main] INFO  by.task.komar.entity.impl.TextComposite - Add new component products
21:43:01.626 [main] INFO  by.task.komar.entity.impl.TextComposite - Add new component .
21:43:01.626 [main] INFO  by.task.komar.entity.impl.TextComposite - Add new component products.
21:43:01.626 [main] INFO  by.task.komar.entity.impl.TextComposite - Add new component It informs people about new products.
21:43:01.626 [main] INFO  by.task.komar.entity.impl.TextComposite - Add new component Advertising companies say advertising is necessary and important. It informs people about new products.
21:43:01.626 [main] INFO  by.task.komar.entity.impl.TextComposite - Add new component W
21:43:01.626 [main] INFO  by.task.komar.entity.impl.TextComposite - Add new component i
21:43:01.626 [main] INFO  by.task.komar.entity.impl.TextComposite - Add new component t
21:43:01.642 [main] INFO  by.task.komar.entity.impl.TextComposite - Add new component h
21:43:01.642 [main] INFO  by.task.komar.entity.impl.TextComposite - Add new component o
21:43:01.642 [main] INFO  by.task.komar.entity.impl.TextComposite - Add new component u
21:43:01.642 [main] INFO  by.task.komar.entity.impl.TextComposite - Add new component t
21:43:01.642 [main] INFO  by.task.komar.entity.impl.TextComposite - Add new component Without
21:43:01.642 [main] INFO  by.task.komar.entity.impl.TextComposite - Add new component Without
21:43:01.642 [main] INFO  by.task.komar.entity.impl.TextComposite - Add new component a
21:43:01.642 [main] INFO  by.task.komar.entity.impl.TextComposite - Add new component d
21:43:01.642 [main] INFO  by.task.komar.entity.impl.TextComposite - Add new component v
21:43:01.642 [main] INFO  by.task.komar.entity.impl.TextComposite - Add new component e
21:43:01.642 [main] INFO  by.task.komar.entity.impl.TextComposite - Add new component r
21:43:01.642 [main] INFO  by.task.komar.entity.impl.TextComposite - Add new component t
21:43:01.642 [main] INFO  by.task.komar.entity.impl.TextComposite - Add new component i
21:43:01.642 [main] INFO  by.task.komar.entity.impl.TextComposite - Add new component s
21:43:01.642 [main] INFO  by.task.komar.entity.impl.TextComposite - Add new component i
21:43:01.642 [main] INFO  by.task.komar.entity.impl.TextComposite - Add new component n
21:43:01.642 [main] INFO  by.task.komar.entity.impl.TextComposite - Add new component g
21:43:01.642 [main] INFO  by.task.komar.entity.impl.TextComposite - Add new component advertising
21:43:01.642 [main] INFO  by.task.komar.entity.impl.TextComposite - Add new component advertising
21:43:01.642 [main] INFO  by.task.komar.entity.impl.TextComposite - Add new component l
21:43:01.642 [main] INFO  by.task.komar.entity.impl.TextComposite - Add new component i
21:43:01.642 [main] INFO  by.task.komar.entity.impl.TextComposite - Add new component f
21:43:01.642 [main] INFO  by.task.komar.entity.impl.TextComposite - Add new component e
21:43:01.642 [main] INFO  by.task.komar.entity.impl.TextComposite - Add new component life
21:43:01.642 [main] INFO  by.task.komar.entity.impl.TextComposite - Add new component life
21:43:01.642 [main] INFO  by.task.komar.entity.impl.TextComposite - Add new component i
21:43:01.642 [main] INFO  by.task.komar.entity.impl.TextComposite - Add new component s
21:43:01.642 [main] INFO  by.task.komar.entity.impl.TextComposite - Add new component is
21:43:01.642 [main] INFO  by.task.komar.entity.impl.TextComposite - Add new component is
21:43:01.642 [main] INFO  by.task.komar.entity.impl.TextComposite - Add new component b
21:43:01.642 [main] INFO  by.task.komar.entity.impl.TextComposite - Add new component o
21:43:01.642 [main] INFO  by.task.komar.entity.impl.TextComposite - Add new component r
21:43:01.642 [main] INFO  by.task.komar.entity.impl.TextComposite - Add new component i
21:43:01.642 [main] INFO  by.task.komar.entity.impl.TextComposite - Add new component n
21:43:01.642 [main] INFO  by.task.komar.entity.impl.TextComposite - Add new component g
21:43:01.642 [main] INFO  by.task.komar.entity.impl.TextComposite - Add new component boring
21:43:01.642 [main] INFO  by.task.komar.entity.impl.TextComposite - Add new component boring
21:43:01.642 [main] INFO  by.task.komar.entity.impl.TextComposite - Add new component a
21:43:01.642 [main] INFO  by.task.komar.entity.impl.TextComposite - Add new component n
21:43:01.642 [main] INFO  by.task.komar.entity.impl.TextComposite - Add new component d
21:43:01.642 [main] INFO  by.task.komar.entity.impl.TextComposite - Add new component and
21:43:01.642 [main] INFO  by.task.komar.entity.impl.TextComposite - Add new component and
21:43:01.642 [main] INFO  by.task.komar.entity.impl.TextComposite - Add new component c
21:43:01.642 [main] INFO  by.task.komar.entity.impl.TextComposite - Add new component o
21:43:01.642 [main] INFO  by.task.komar.entity.impl.TextComposite - Add new component l
21:43:01.642 [main] INFO  by.task.komar.entity.impl.TextComposite - Add new component o
21:43:01.642 [main] INFO  by.task.komar.entity.impl.TextComposite - Add new component u
21:43:01.642 [main] INFO  by.task.komar.entity.impl.TextComposite - Add new component r
21:43:01.642 [main] INFO  by.task.komar.entity.impl.TextComposite - Add new component l
21:43:01.642 [main] INFO  by.task.komar.entity.impl.TextComposite - Add new component e
21:43:01.642 [main] INFO  by.task.komar.entity.impl.TextComposite - Add new component s
21:43:01.642 [main] INFO  by.task.komar.entity.impl.TextComposite - Add new component s
21:43:01.657 [main] INFO  by.task.komar.entity.impl.TextComposite - Add new component colourless
21:43:01.657 [main] INFO  by.task.komar.entity.impl.TextComposite - Add new component .
21:43:01.657 [main] INFO  by.task.komar.entity.impl.TextComposite - Add new component colourless.
21:43:01.657 [main] INFO  by.task.komar.entity.impl.TextComposite - Add new component Without advertising life is boring and colourless.
21:43:01.657 [main] INFO  by.task.komar.entity.impl.TextComposite - Add new component B
21:43:01.657 [main] INFO  by.task.komar.entity.impl.TextComposite - Add new component u
21:43:01.657 [main] INFO  by.task.komar.entity.impl.TextComposite - Add new component t
21:43:01.657 [main] INFO  by.task.komar.entity.impl.TextComposite - Add new component But
21:43:01.657 [main] INFO  by.task.komar.entity.impl.TextComposite - Add new component But
21:43:01.657 [main] INFO  by.task.komar.entity.impl.TextComposite - Add new component s
21:43:01.657 [main] INFO  by.task.komar.entity.impl.TextComposite - Add new component o
21:43:01.657 [main] INFO  by.task.komar.entity.impl.TextComposite - Add new component m
21:43:01.657 [main] INFO  by.task.komar.entity.impl.TextComposite - Add new component e
21:43:01.657 [main] INFO  by.task.komar.entity.impl.TextComposite - Add new component some
21:43:01.657 [main] INFO  by.task.komar.entity.impl.TextComposite - Add new component some
21:43:01.657 [main] INFO  by.task.komar.entity.impl.TextComposite - Add new component c
21:43:01.657 [main] INFO  by.task.komar.entity.impl.TextComposite - Add new component o
21:43:01.657 [main] INFO  by.task.komar.entity.impl.TextComposite - Add new component n
21:43:01.657 [main] INFO  by.task.komar.entity.impl.TextComposite - Add new component s
21:43:01.657 [main] INFO  by.task.komar.entity.impl.TextComposite - Add new component u
21:43:01.657 [main] INFO  by.task.komar.entity.impl.TextComposite - Add new component m
21:43:01.657 [main] INFO  by.task.komar.entity.impl.TextComposite - Add new component e
21:43:01.657 [main] INFO  by.task.komar.entity.impl.TextComposite - Add new component r
