21:43:01.704 [main] INFO  by.task.komar.entity.impl.TextComposite - Add new component r
21:43:01.704 [main] INFO  by.task.komar.entity.impl.TextComposite - Add new component e
21:43:01.704 [main] INFO  by.task.komar.entity.impl.TextComposite - Add new component are
21:43:01.704 [main] INFO  by.task.komar.entity.impl.TextComposite - Add new component are
21:43:01.704 [main] INFO  by.task.komar.entity.impl.TextComposite - Add new component m
21:43:01.704 [main] INFO  by.task.komar.entity.impl.TextComposite - Add new component i
21:43:01.704 [main] INFO  by.task.komar.entity.impl.TextComposite - Add new component n
21:43:01.704 [main] INFO  by.task.komar.entity.impl.TextComposite - Add new component i
21:43:01.704 [main] INFO  by.task.komar.entity.impl.TextComposite - Add new component -
21:43:01.704 [main] INFO  by.task.komar.entity.impl.TextComposite - Add new component d
21:43:01.704 [main] INFO  by.task.komar.entity.impl.TextComposite - Add new component r
21:43:01.704 [main] INFO  by.task.komar.entity.impl.TextComposite - Add new component a
21:43:01.704 [main] INFO  by.task.komar.entity.impl.TextComposite - Add new component m
21:43:01.704 [main] INFO  by.task.komar.entity.impl.TextComposite - Add new component a
21:43:01.704 [main] INFO  by.task.komar.entity.impl.TextComposite - Add new component s
21:43:01.704 [main] INFO  by.task.komar.entity.impl.TextComposite - Add new component mini-dramas
21:43:01.704 [main] INFO  by.task.komar.entity.impl.TextComposite - Add new component mini-dramas
21:43:01.704 [main] INFO  by.task.komar.entity.impl.TextComposite - Add new component a
21:43:01.704 [main] INFO  by.task.komar.entity.impl.TextComposite - Add new component n
21:43:01.704 [main] INFO  by.task.komar.entity.impl.TextComposite - Add new component d
21:43:01.704 [main] INFO  by.task.komar.entity.impl.TextComposite - Add new component and
21:43:01.704 [main] INFO  by.task.komar.entity.impl.TextComposite - Add new component and
21:43:01.704 [main] INFO  by.task.komar.entity.impl.TextComposite - Add new component w
21:43:01.704 [main] INFO  by.task.komar.entity.impl.TextComposite - Add new component e
21:43:01.704 [main] INFO  by.task.komar.entity.impl.TextComposite - Add new component we
21:43:01.704 [main] INFO  by.task.komar.entity.impl.TextComposite - Add new component we
21:43:01.704 [main] INFO  by.task.komar.entity.impl.TextComposite - Add new component w
21:43:01.720 [main] INFO  by.task.komar.entity.impl.TextComposite - Add new component a
21:43:01.720 [main] INFO  by.task.komar.entity.impl.TextComposite - Add new component i
21:43:01.720 [main] INFO  by.task.komar.entity.impl.TextComposite - Add new component t
21:43:01.720 [main] INFO  by.task.komar.entity.impl.TextComposite - Add new component wait
21:43:01.720 [main] INFO  by.task.komar.entity.impl.TextComposite - Add new component wait
21:43:01.720 [main] INFO  by.task.komar.entity.impl.TextComposite - Add new component f
21:43:01.720 [main] INFO  by.task.komar.entity.impl.TextComposite - Add new component o
21:43:01.720 [main] INFO  by.task.komar.entity.impl.TextComposite - Add new component r
21:43:01.720 [main] INFO  by.task.komar.entity.impl.TextComposite - Add new component for
21:43:01.720 [main] INFO  by.task.komar.entity.impl.TextComposite - Add new component for
21:43:01.720 [main] INFO  by.task.komar.entity.impl.TextComposite - Add new component t
21:43:01.720 [main] INFO  by.task.komar.entity.impl.TextComposite - Add new component h
21:43:01.720 [main] INFO  by.task.komar.entity.impl.TextComposite - Add new component e
21:43:01.720 [main] INFO  by.task.komar.entity.impl.TextComposite - Add new component the
21:43:01.720 [main] INFO  by.task.komar.entity.impl.TextComposite - Add new component the
21:43:01.720 [main] INFO  by.task.komar.entity.impl.TextComposite - Add new component n
21:43:01.720 [main] INFO  by.task.komar.entity.impl.TextComposite - Add new component e
21:43:01.720 [main] INFO  by.task.komar.entity.impl.TextComposite - Add new component x
21:43:01.720 [main] INFO  by.task.komar.entity.impl.TextComposite - Add new component t
21:43:01.720 [main] INFO  by.task.komar.entity.impl.TextComposite - Add new component next
21:43:01.720 [main] INFO  by.task.komar.entity.impl.TextComposite - Add new component next
21:43:01.720 [main] INFO  by.task.komar.entity.impl.TextComposite - Add new component p
21:43:01.720 [main] INFO  by.task.komar.entity.impl.TextComposite - Add new component r
21:43:01.720 [main] INFO  by.task.komar.entity.impl.TextComposite - Add new component o
21:43:01.720 [main] INFO  by.task.komar.entity.impl.TextComposite - Add new component g
21:43:01.720 [main] INFO  by.task.komar.entity.impl.TextComposite - Add new component r
21:43:01.720 [main] INFO  by.task.komar.entity.impl.TextComposite - Add new component a
21:43:01.720 [main] INFO  by.task.komar.entity.impl.TextComposite - Add new component m
21:43:01.720 [main] INFO  by.task.komar.entity.impl.TextComposite - Add new component m
21:43:01.720 [main] INFO  by.task.komar.entity.impl.TextComposite - Add new component e
21:43:01.720 [main] INFO  by.task.komar.entity.impl.TextComposite - Add new component programme
21:43:01.720 [main] INFO  by.task.komar.entity.impl.TextComposite - Add new component programme
21:43:01.720 [main] INFO  by.task.komar.entity.impl.TextComposite - Add new component i
21:43:01.720 [main] INFO  by.task.komar.entity.impl.TextComposite - Add new component n
21:43:01.720 [main] INFO  by.task.komar.entity.impl.TextComposite - Add new component in
21:43:01.720 [main] INFO  by.task.komar.entity.impl.TextComposite - Add new component in
21:43:01.720 [main] INFO  by.task.komar.entity.impl.TextComposite - Add new component t
21:43:01.720 [main] INFO  by.task.komar.entity.impl.TextComposite - Add new component h
21:43:01.720 [main] INFO  by.task.komar.entity.impl.TextComposite - Add new component e
21:43:01.720 [main] INFO  by.task.komar.entity.impl.TextComposite - Add new component the
21:43:01.720 [main] INFO  by.task.komar.entity.impl.TextComposite - Add new component the
21:43:01.720 [main] INFO  by.task.komar.entity.impl.TextComposite - Add new component m
21:43:01.720 [main] INFO  by.task.komar.entity.impl.TextComposite - Add new component i
21:43:01.720 [main] INFO  by.task.komar.entity.impl.TextComposite - Add new component n
21:43:01.720 [main] INFO  by.task.komar.entity.impl.TextComposite - Add new component i
21:43:01.720 [main] INFO  by.task.komar.entity.impl.TextComposite - Add new component -
21:43:01.720 [main] INFO  by.task.komar.entity.impl.TextComposite - Add new component d
21:43:01.720 [main] INFO  by.task.komar.entity.impl.TextComposite - Add new component r
21:43:01.720 [main] INFO  by.task.komar.entity.impl.TextComposite - Add new component a
21:43:01.736 [main] INFO  by.task.komar.entity.impl.TextComposite - Add new component m
21:43:01.736 [main] INFO  by.task.komar.entity.impl.TextComposite - Add new component a
21:43:01.736 [main] INFO  by.task.komar.entity.impl.TextComposite - Add new component mini-drama
21:43:01.736 [main] INFO  by.task.komar.entity.impl.TextComposite - Add new component .
21:43:01.736 [main] INFO  by.task.komar.entity.impl.TextComposite - Add new component mini-drama.
21:43:01.736 [main] INFO  by.task.komar.entity.impl.TextComposite - Add new component Sometimes they are mini-dramas and we wait for the next programme in the mini-drama.
21:43:01.736 [main] INFO  by.task.komar.entity.impl.TextComposite - Add new component A
21:43:01.736 [main] INFO  by.task.komar.entity.impl.TextComposite - Add new component d
21:43:01.736 [main] INFO  by.task.komar.entity.impl.TextComposite - Add new component v
21:43:01.736 [main] INFO  by.task.komar.entity.impl.TextComposite - Add new component e
21:43:01.736 [main] INFO  by.task.komar.entity.impl.TextComposite - Add new component r
21:43:01.736 [main] INFO  by.task.komar.entity.impl.TextComposite - Add new component t
21:43:01.736 [main] INFO  by.task.komar.entity.impl.TextComposite - Add new component i
21:43:01.736 [main] INFO  by.task.komar.entity.impl.TextComposite - Add new component s
21:43:01.736 [main] INFO  by.task.komar.entity.impl.TextComposite - Add new component i
21:43:01.736 [main] INFO  by.task.komar.entity.impl.TextComposite - Add new component n
21:43:01.736 [main] INFO  by.task.komar.entity.impl.TextComposite - Add new component g
21:43:01.736 [main] INFO  by.task.komar.entity.impl.TextComposite - Add new component Advertising
21:43:01.736 [main] INFO  by.task.komar.entity.impl.TextComposite - Add new component Advertising
21:43:01.736 [main] INFO  by.task.komar.entity.impl.TextComposite - Add new component c
21:43:01.736 [main] INFO  by.task.komar.entity.impl.TextComposite - Add new component a
21:43:01.736 [main] INFO  by.task.komar.entity.impl.TextComposite - Add new component n
21:43:01.736 [main] INFO  by.task.komar.entity.impl.TextComposite - Add new component can
21:43:01.736 [main] INFO  by.task.komar.entity.impl.TextComposite - Add new component can
21:43:01.736 [main] INFO  by.task.komar.entity.impl.TextComposite - Add new component e
21:43:01.736 [main] INFO  by.task.komar.entity.impl.TextComposite - Add new component d
21:43:01.736 [main] INFO  by.task.komar.entity.impl.TextComposite - Add new component u
21:43:01.736 [main] INFO  by.task.komar.entity.impl.TextComposite - Add new component c
21:43:01.736 [main] INFO  by.task.komar.entity.impl.TextComposite - Add new component a
21:43:01.736 [main] INFO  by.task.komar.entity.impl.TextComposite - Add new component t
21:43:01.736 [main] INFO  by.task.komar.entity.impl.TextComposite - Add new component e
21:43:01.736 [main] INFO  by.task.komar.entity.impl.TextComposite - Add new component educate
21:43:01.736 [main] INFO  by.task.komar.entity.impl.TextComposite - Add new component ,
21:43:01.736 [main] INFO  by.task.komar.entity.impl.TextComposite - Add new component educate,
21:43:01.736 [main] INFO  by.task.komar.entity.impl.TextComposite - Add new component t
21:43:01.736 [main] INFO  by.task.komar.entity.impl.TextComposite - Add new component o
21:43:01.736 [main] INFO  by.task.komar.entity.impl.TextComposite - Add new component o
21:43:01.736 [main] INFO  by.task.komar.entity.impl.TextComposite - Add new component too
21:43:01.736 [main] INFO  by.task.komar.entity.impl.TextComposite - Add new component .
21:43:01.736 [main] INFO  by.task.komar.entity.impl.TextComposite - Add new component too.
21:43:01.736 [main] INFO  by.task.komar.entity.impl.TextComposite - Add new component Advertising can educate, too.
21:43:01.736 [main] INFO  by.task.komar.entity.impl.TextComposite - Add new component A
21:43:01.736 [main] INFO  by.task.komar.entity.impl.TextComposite - Add new component d
21:43:01.736 [main] INFO  by.task.komar.entity.impl.TextComposite - Add new component v
21:43:01.736 [main] INFO  by.task.komar.entity.impl.TextComposite - Add new component e
21:43:01.736 [main] INFO  by.task.komar.entity.impl.TextComposite - Add new component r
21:43:01.736 [main] INFO  by.task.komar.entity.impl.TextComposite - Add new component t
21:43:01.736 [main] INFO  by.task.komar.entity.impl.TextComposite - Add new component s
21:43:01.736 [main] INFO  by.task.komar.entity.impl.TextComposite - Add new component Adverts
21:43:01.736 [main] INFO  by.task.komar.entity.impl.TextComposite - Add new component Adverts
21:43:01.751 [main] INFO  by.task.komar.entity.impl.TextComposite - Add new component t
21:43:01.751 [main] INFO  by.task.komar.entity.impl.TextComposite - Add new component e
21:43:01.751 [main] INFO  by.task.komar.entity.impl.TextComposite - Add new component l
21:43:01.751 [main] INFO  by.task.komar.entity.impl.TextComposite - Add new component l
21:43:01.751 [main] INFO  by.task.komar.entity.impl.TextComposite - Add new component tell
21:43:01.751 [main] INFO  by.task.komar.entity.impl.TextComposite - Add new component tell
21:43:01.751 [main] INFO  by.task.komar.entity.impl.TextComposite - Add new component u
21:43:01.751 [main] INFO  by.task.komar.entity.impl.TextComposite - Add new component s
21:43:01.751 [main] INFO  by.task.komar.entity.impl.TextComposite - Add new component us
21:43:01.751 [main] INFO  by.task.komar.entity.impl.TextComposite - Add new component us
21:43:01.751 [main] INFO  by.task.komar.entity.impl.TextComposite - Add new component a
21:43:01.751 [main] INFO  by.task.komar.entity.impl.TextComposite - Add new component b
21:43:01.751 [main] INFO  by.task.komar.entity.impl.TextComposite - Add new component o
21:43:01.751 [main] INFO  by.task.komar.entity.impl.TextComposite - Add new component u
21:43:01.751 [main] INFO  by.task.komar.entity.impl.TextComposite - Add new component t
21:43:01.751 [main] INFO  by.task.komar.entity.impl.TextComposite - Add new component about
21:43:01.751 [main] INFO  by.task.komar.entity.impl.TextComposite - Add new component about
21:43:01.751 [main] INFO  by.task.komar.entity.impl.TextComposite - Add new component n
21:43:01.751 [main] INFO  by.task.komar.entity.impl.TextComposite - Add new component e
21:43:01.751 [main] INFO  by.task.komar.entity.impl.TextComposite - Add new component w
21:43:01.751 [main] INFO  by.task.komar.entity.impl.TextComposite - Add new component new
21:43:01.751 [main] INFO  by.task.komar.entity.impl.TextComposite - Add new component ,
21:43:01.751 [main] INFO  by.task.komar.entity.impl.TextComposite - Add new component new,
21:43:01.751 [main] INFO  by.task.komar.entity.impl.TextComposite - Add new component h
21:43:01.751 [main] INFO  by.task.komar.entity.impl.TextComposite - Add new component e
21:43:01.751 [main] INFO  by.task.komar.entity.impl.TextComposite - Add new component a
21:43:01.751 [main] INFO  by.task.komar.entity.impl.TextComposite - Add new component l
21:43:01.751 [main] INFO  by.task.komar.entity.impl.TextComposite - Add new component t
21:43:01.751 [main] INFO  by.task.komar.entity.impl.TextComposite - Add new component h
21:43:01.751 [main] INFO  by.task.komar.entity.impl.TextComposite - Add new component y
21:43:01.751 [main] INFO  by.task.komar.entity.impl.TextComposite - Add new component healthy
21:43:01.751 [main] INFO  by.task.komar.entity.impl.TextComposite - Add new component healthy
21:43:01.751 [main] INFO  by.task.komar.entity.impl.TextComposite - Add new component p
21:43:01.751 [main] INFO  by.task.komar.entity.impl.TextComposite - Add new component r
21:43:01.751 [main] INFO  by.task.komar.entity.impl.TextComposite - Add new component o
21:43:01.751 [main] INFO  by.task.komar.entity.impl.TextComposite - Add new component d
21:43:01.751 [main] INFO  by.task.komar.entity.impl.TextComposite - Add new component u
21:43:01.751 [main] INFO  by.task.komar.entity.impl.TextComposite - Add new component c
21:43:01.751 [main] INFO  by.task.komar.entity.impl.TextComposite - Add new component t
21:43:01.751 [main] INFO  by.task.komar.entity.impl.TextComposite - Add new component s
21:43:01.751 [main] INFO  by.task.komar.entity.impl.TextComposite - Add new component products
21:43:01.751 [main] INFO  by.task.komar.entity.impl.TextComposite - Add new component .
21:43:01.751 [main] INFO  by.task.komar.entity.impl.TextComposite - Add new component products.
21:43:01.751 [main] INFO  by.task.komar.entity.impl.TextComposite - Add new component Adverts tell us about new, healthy products.
