21:43:01.439 [main] INFO  by.task.komar.entity.impl.TextComposite - Add new component s
21:43:01.439 [main] INFO  by.task.komar.entity.impl.TextComposite - Add new component i
21:43:01.439 [main] INFO  by.task.komar.entity.impl.TextComposite - Add new component n
21:43:01.439 [main] INFO  by.task.komar.entity.impl.TextComposite - Add new component g
21:43:01.439 [main] INFO  by.task.komar.entity.impl.TextComposite - Add new component Advertising
21:43:01.439 [main] INFO  by.task.komar.entity.impl.TextComposite - Add new component Advertising
21:43:01.439 [main] INFO  by.task.komar.entity.impl.TextComposite - Add new component c
21:43:01.439 [main] INFO  by.task.komar.entity.impl.TextComposite - Add new component a
21:43:01.439 [main] INFO  by.task.komar.entity.impl.TextComposite - Add new component n
21:43:01.439 [main] INFO  by.task.komar.entity.impl.TextComposite - Add new component can
21:43:01.439 [main] INFO  by.task.komar.entity.impl.TextComposite - Add new component can
21:43:01.439 [main] INFO  by.task.komar.entity.impl.TextComposite - Add new component e
21:43:01.439 [main] INFO  by.task.komar.entity.impl.TextComposite - Add new component d
21:43:01.454 [main] INFO  by.task.komar.entity.impl.TextComposite - Add new component u
21:43:01.454 [main] INFO  by.task.komar.entity.impl.TextComposite - Add new component c
21:43:01.454 [main] INFO  by.task.komar.entity.impl.TextComposite - Add new component a
21:43:01.454 [main] INFO  by.task.komar.entity.impl.TextComposite - Add new component t
21:43:01.454 [main] INFO  by.task.komar.entity.impl.TextComposite - Add new component e
21:43:01.454 [main] INFO  by.task.komar.entity.impl.TextComposite - Add new component educate
21:43:01.454 [main] INFO  by.task.komar.entity.impl.TextComposite - Add new component ,
21:43:01.454 [main] INFO  by.task.komar.entity.impl.TextComposite - Add new component educate,
21:43:01.454 [main] INFO  by.task.komar.entity.impl.TextComposite - Add new component t
21:43:01.454 [main] INFO  by.task.komar.entity.impl.TextComposite - Add new component o
21:43:01.454 [main] INFO  by.task.komar.entity.impl.TextComposite - Add new component o
21:43:01.454 [main] INFO  by.task.komar.entity.impl.TextComposite - Add new component too
21:43:01.454 [main] INFO  by.task.komar.entity.impl.TextComposite - Add new component .
21:43:01.454 [main] INFO  by.task.komar.entity.impl.TextComposite - Add new component too.
21:43:01.454 [main] INFO  by.task.komar.entity.impl.TextComposite - Add new component Advertising can educate, too.
21:43:01.454 [main] INFO  by.task.komar.entity.impl.TextComposite - Add new component A
21:43:01.454 [main] INFO  by.task.komar.entity.impl.TextComposite - Add new component d
21:43:01.454 [main] INFO  by.task.komar.entity.impl.TextComposite - Add new component v
21:43:01.454 [main] INFO  by.task.komar.entity.impl.TextComposite - Add new component e
21:43:01.454 [main] INFO  by.task.komar.entity.impl.TextComposite - Add new component r
21:43:01.454 [main] INFO  by.task.komar.entity.impl.TextComposite - Add new component t
21:43:01.454 [main] INFO  by.task.komar.entity.impl.TextComposite - Add new component s
21:43:01.454 [main] INFO  by.task.komar.entity.impl.TextComposite - Add new component Adverts
21:43:01.454 [main] INFO  by.task.komar.entity.impl.TextComposite - Add new component Adverts
21:43:01.454 [main] INFO  by.task.komar.entity.impl.TextComposite - Add new component t
21:43:01.454 [main] INFO  by.task.komar.entity.impl.TextComposite - Add new component e
21:43:01.454 [main] INFO  by.task.komar.entity.impl.TextComposite - Add new component l
21:43:01.454 [main] INFO  by.task.komar.entity.impl.TextComposite - Add new component l
21:43:01.454 [main] INFO  by.task.komar.entity.impl.TextComposite - Add new component tell
21:43:01.454 [main] INFO  by.task.komar.entity.impl.TextComposite - Add new component tell
21:43:01.454 [main] INFO  by.task.komar.entity.impl.TextComposite - Add new component u
21:43:01.454 [main] INFO  by.task.komar.entity.impl.TextComposite - Add new component s
21:43:01.454 [main] INFO  by.task.komar.entity.impl.TextComposite - Add new component us
21:43:01.454 [main] INFO  by.task.komar.entity.impl.TextComposite - Add new component us
21:43:01.454 [main] INFO  by.task.komar.entity.impl.TextComposite - Add new component a
21:43:01.454 [main] INFO  by.task.komar.entity.impl.TextComposite - Add new component b
21:43:01.454 [main] INFO  by.task.komar.entity.impl.TextComposite - Add new component o
21:43:01.454 [main] INFO  by.task.komar.entity.impl.TextComposite - Add new component u
21:43:01.454 [main] INFO  by.task.komar.entity.impl.TextComposite - Add new component t
21:43:01.454 [main] INFO  by.task.komar.entity.impl.TextComposite - Add new component about
21:43:01.454 [main] INFO  by.task.komar.entity.impl.TextComposite - Add new component about
21:43:01.454 [main] INFO  by.task.komar.entity.impl.TextComposite - Add new component n
21:43:01.454 [main] INFO  by.task.komar.entity.impl.TextComposite - Add new component e
21:43:01.454 [main] INFO  by.task.komar.entity.impl.TextComposite - Add new component w
21:43:01.454 [main] INFO  by.task.komar.entity.impl.TextComposite - Add new component new
21:43:01.454 [main] INFO  by.task.komar.entity.impl.TextComposite - Add new component ,
21:43:01.454 [main] INFO  by.task.komar.entity.impl.TextComposite - Add new component new,
21:43:01.454 [main] INFO  by.task.komar.entity.impl.TextComposite - Add new component h
21:43:01.454 [main] INFO  by.task.komar.entity.impl.TextComposite - Add new component e
21:43:01.454 [main] INFO  by.task.komar.entity.impl.TextComposite - Add new component a
21:43:01.454 [main] INFO  by.task.komar.entity.impl.TextComposite - Add new component l
21:43:01.454 [main] INFO  by.task.komar.entity.impl.TextComposite - Add new component t
21:43:01.454 [main] INFO  by.task.komar.entity.impl.TextComposite - Add new component h
21:43:01.470 [main] INFO  by.task.komar.entity.impl.TextComposite - Add new component y
21:43:01.470 [main] INFO  by.task.komar.entity.impl.TextComposite - Add new component healthy
21:43:01.470 [main] INFO  by.task.komar.entity.impl.TextComposite - Add new component healthy
21:43:01.470 [main] INFO  by.task.komar.entity.impl.TextComposite - Add new component p
21:43:01.470 [main] INFO  by.task.komar.entity.impl.TextComposite - Add new component r
21:43:01.470 [main] INFO  by.task.komar.entity.impl.TextComposite - Add new component o
21:43:01.470 [main] INFO  by.task.komar.entity.impl.TextComposite - Add new component d
21:43:01.470 [main] INFO  by.task.komar.entity.impl.TextComposite - Add new component u
21:43:01.470 [main] INFO  by.task.komar.entity.impl.TextComposite - Add new component c
21:43:01.470 [main] INFO  by.task.komar.entity.impl.TextComposite - Add new component t
21:43:01.470 [main] INFO  by.task.komar.entity.impl.TextComposite - Add new component s
21:43:01.470 [main] INFO  by.task.komar.entity.impl.TextComposite - Add new component products
21:43:01.470 [main] INFO  by.task.komar.entity.impl.TextComposite - Add new component .
21:43:01.470 [main] INFO  by.task.komar.entity.impl.TextComposite - Add new component products.
21:43:01.470 [main] INFO  by.task.komar.entity.impl.TextComposite - Add new component Adverts tell us about new, healthy products.
21:43:01.470 [main] INFO  by.task.komar.entity.impl.TextComposite - Add new component A
21:43:01.470 [main] INFO  by.task.komar.entity.impl.TextComposite - Add new component n
21:43:01.470 [main] INFO  by.task.komar.entity.impl.TextComposite - Add new component d
21:43:01.470 [main] INFO  by.task.komar.entity.impl.TextComposite - Add new component And
21:43:01.470 [main] INFO  by.task.komar.entity.impl.TextComposite - Add new component And
21:43:01.470 [main] INFO  by.task.komar.entity.impl.TextComposite - Add new component a
21:43:01.470 [main] INFO  by.task.komar.entity.impl.TextComposite - Add new component d
21:43:01.470 [main] INFO  by.task.komar.entity.impl.TextComposite - Add new component v
21:43:01.470 [main] INFO  by.task.komar.entity.impl.TextComposite - Add new component e
21:43:01.470 [main] INFO  by.task.komar.entity.impl.TextComposite - Add new component r
21:43:01.470 [main] INFO  by.task.komar.entity.impl.TextComposite - Add new component t
21:43:01.470 [main] INFO  by.task.komar.entity.impl.TextComposite - Add new component s
21:43:01.470 [main] INFO  by.task.komar.entity.impl.TextComposite - Add new component adverts
21:43:01.470 [main] INFO  by.task.komar.entity.impl.TextComposite - Add new component adverts
21:43:01.470 [main] INFO  by.task.komar.entity.impl.TextComposite - Add new component i
21:43:01.470 [main] INFO  by.task.komar.entity.impl.TextComposite - Add new component n
21:43:01.470 [main] INFO  by.task.komar.entity.impl.TextComposite - Add new component in
21:43:01.470 [main] INFO  by.task.komar.entity.impl.TextComposite - Add new component in
21:43:01.470 [main] INFO  by.task.komar.entity.impl.TextComposite - Add new component m
21:43:01.470 [main] INFO  by.task.komar.entity.impl.TextComposite - Add new component a
21:43:01.470 [main] INFO  by.task.komar.entity.impl.TextComposite - Add new component g
21:43:01.470 [main] INFO  by.task.komar.entity.impl.TextComposite - Add new component a
21:43:01.470 [main] INFO  by.task.komar.entity.impl.TextComposite - Add new component z
21:43:01.470 [main] INFO  by.task.komar.entity.impl.TextComposite - Add new component i
21:43:01.470 [main] INFO  by.task.komar.entity.impl.TextComposite - Add new component n
21:43:01.470 [main] INFO  by.task.komar.entity.impl.TextComposite - Add new component e
21:43:01.470 [main] INFO  by.task.komar.entity.impl.TextComposite - Add new component s
21:43:01.470 [main] INFO  by.task.komar.entity.impl.TextComposite - Add new component magazines
21:43:01.470 [main] INFO  by.task.komar.entity.impl.TextComposite - Add new component magazines
21:43:01.470 [main] INFO  by.task.komar.entity.impl.TextComposite - Add new component g
21:43:01.470 [main] INFO  by.task.komar.entity.impl.TextComposite - Add new component i
21:43:01.470 [main] INFO  by.task.komar.entity.impl.TextComposite - Add new component v
21:43:01.470 [main] INFO  by.task.komar.entity.impl.TextComposite - Add new component e
21:43:01.470 [main] INFO  by.task.komar.entity.impl.TextComposite - Add new component give
21:43:01.470 [main] INFO  by.task.komar.entity.impl.TextComposite - Add new component give
21:43:01.470 [main] INFO  by.task.komar.entity.impl.TextComposite - Add new component u
21:43:01.470 [main] INFO  by.task.komar.entity.impl.TextComposite - Add new component s
21:43:01.470 [main] INFO  by.task.komar.entity.impl.TextComposite - Add new component us
21:43:01.485 [main] INFO  by.task.komar.entity.impl.TextComposite - Add new component us
21:43:01.485 [main] INFO  by.task.komar.entity.impl.TextComposite - Add new component i
21:43:01.485 [main] INFO  by.task.komar.entity.impl.TextComposite - Add new component d
21:43:01.485 [main] INFO  by.task.komar.entity.impl.TextComposite - Add new component e
21:43:01.485 [main] INFO  by.task.komar.entity.impl.TextComposite - Add new component a
21:43:01.485 [main] INFO  by.task.komar.entity.impl.TextComposite - Add new component s
21:43:01.485 [main] INFO  by.task.komar.entity.impl.TextComposite - Add new component ideas
21:43:01.485 [main] INFO  by.task.komar.entity.impl.TextComposite - Add new component ideas
21:43:01.485 [main] INFO  by.task.komar.entity.impl.TextComposite - Add new component f
21:43:01.485 [main] INFO  by.task.komar.entity.impl.TextComposite - Add new component o
21:43:01.485 [main] INFO  by.task.komar.entity.impl.TextComposite - Add new component r
21:43:01.485 [main] INFO  by.task.komar.entity.impl.TextComposite - Add new component for
21:43:01.485 [main] INFO  by.task.komar.entity.impl.TextComposite - Add new component for
21:43:01.485 [main] INFO  by.task.komar.entity.impl.TextComposite - Add new component h
21:43:01.485 [main] INFO  by.task.komar.entity.impl.TextComposite - Add new component o
21:43:01.485 [main] INFO  by.task.komar.entity.impl.TextComposite - Add new component w
21:43:01.485 [main] INFO  by.task.komar.entity.impl.TextComposite - Add new component how
21:43:01.485 [main] INFO  by.task.komar.entity.impl.TextComposite - Add new component how
21:43:01.485 [main] INFO  by.task.komar.entity.impl.TextComposite - Add new component t
21:43:01.485 [main] INFO  by.task.komar.entity.impl.TextComposite - Add new component o
21:43:01.485 [main] INFO  by.task.komar.entity.impl.TextComposite - Add new component to
21:43:01.485 [main] INFO  by.task.komar.entity.impl.TextComposite - Add new component to
21:43:01.485 [main] INFO  by.task.komar.entity.impl.TextComposite - Add new component l
21:43:01.485 [main] INFO  by.task.komar.entity.impl.TextComposite - Add new component o
21:43:01.485 [main] INFO  by.task.komar.entity.impl.TextComposite - Add new component o
21:43:01.485 [main] INFO  by.task.komar.entity.impl.TextComposite - Add new component k
21:43:01.485 [main] INFO  by.task.komar.entity.impl.TextComposite - Add new component look
21:43:01.485 [main] INFO  by.task.komar.entity.impl.TextComposite - Add new component look
21:43:01.485 [main] INFO  by.task.komar.entity.impl.TextComposite - Add new component p
21:43:01.485 [main] INFO  by.task.komar.entity.impl.TextComposite - Add new component r
21:43:01.485 [main] INFO  by.task.komar.entity.impl.TextComposite - Add new component e
21:43:01.485 [main] INFO  by.task.komar.entity.impl.TextComposite - Add new component t
21:43:01.485 [main] INFO  by.task.komar.entity.impl.TextComposite - Add new component t
21:43:01.485 [main] INFO  by.task.komar.entity.impl.TextComposite - Add new component i
21:43:01.485 [main] INFO  by.task.komar.entity.impl.TextComposite - Add new component e
21:43:01.485 [main] INFO  by.task.komar.entity.impl.TextComposite - Add new component r
21:43:01.485 [main] INFO  by.task.komar.entity.impl.TextComposite - Add new component prettier
21:43:01.485 [main] INFO  by.task.komar.entity.impl.TextComposite - Add new component ,
21:43:01.485 [main] INFO  by.task.komar.entity.impl.TextComposite - Add new component prettier,
21:43:01.485 [main] INFO  by.task.komar.entity.impl.TextComposite - Add new component b
21:43:01.485 [main] INFO  by.task.komar.entity.impl.TextComposite - Add new component e
21:43:01.485 [main] INFO  by.task.komar.entity.impl.TextComposite - Add new component be
21:43:01.485 [main] INFO  by.task.komar.entity.impl.TextComposite - Add new component be
21:43:01.485 [main] INFO  by.task.komar.entity.impl.TextComposite - Add new component f
21:43:01.485 [main] INFO  by.task.komar.entity.impl.TextComposite - Add new component a
21:43:01.485 [main] INFO  by.task.komar.entity.impl.TextComposite - Add new component s
21:43:01.485 [main] INFO  by.task.komar.entity.impl.TextComposite - Add new component h
21:43:01.501 [main] INFO  by.task.komar.entity.impl.TextComposite - Add new component i
21:43:01.501 [main] INFO  by.task.komar.entity.impl.TextComposite - Add new component o
21:43:01.501 [main] INFO  by.task.komar.entity.impl.TextComposite - Add new component n
21:43:01.501 [main] INFO  by.task.komar.entity.impl.TextComposite - Add new component a
