21:43:01.548 [main] INFO  by.task.komar.entity.impl.TextComposite - Add new component y
21:43:01.548 [main] INFO  by.task.komar.entity.impl.TextComposite - Add new component say
21:43:01.548 [main] INFO  by.task.komar.entity.impl.TextComposite - Add new component say
21:43:01.548 [main] INFO  by.task.komar.entity.impl.TextComposite - Add new component t
21:43:01.548 [main] INFO  by.task.komar.entity.impl.TextComposite - Add new component h
21:43:01.548 [main] INFO  by.task.komar.entity.impl.TextComposite - Add new component a
21:43:01.548 [main] INFO  by.task.komar.entity.impl.TextComposite - Add new component t
21:43:01.548 [main] INFO  by.task.komar.entity.impl.TextComposite - Add new component that
21:43:01.548 [main] INFO  by.task.komar.entity.impl.TextComposite - Add new component that
21:43:01.548 [main] INFO  by.task.komar.entity.impl.TextComposite - Add new component a
21:43:01.548 [main] INFO  by.task.komar.entity.impl.TextComposite - Add new component d
21:43:01.548 [main] INFO  by.task.komar.entity.impl.TextComposite - Add new component v
21:43:01.548 [main] INFO  by.task.komar.entity.impl.TextComposite - Add new component e
21:43:01.548 [main] INFO  by.task.komar.entity.impl.TextComposite - Add new component r
21:43:01.548 [main] INFO  by.task.komar.entity.impl.TextComposite - Add new component t
21:43:01.548 [main] INFO  by.task.komar.entity.impl.TextComposite - Add new component i
21:43:01.548 [main] INFO  by.task.komar.entity.impl.TextComposite - Add new component s
21:43:01.548 [main] INFO  by.task.komar.entity.impl.TextComposite - Add new component i
21:43:01.548 [main] INFO  by.task.komar.entity.impl.TextComposite - Add new component n
21:43:01.548 [main] INFO  by.task.komar.entity.impl.TextComposite - Add new component g
21:43:01.548 [main] INFO  by.task.komar.entity.impl.TextComposite - Add new component advertising
21:43:01.564 [main] INFO  by.task.komar.entity.impl.TextComposite - Add new component advertising
21:43:01.564 [main] INFO  by.task.komar.entity.impl.TextComposite - Add new component i
21:43:01.564 [main] INFO  by.task.komar.entity.impl.TextComposite - Add new component s
21:43:01.564 [main] INFO  by.task.komar.entity.impl.TextComposite - Add new component is
21:43:01.564 [main] INFO  by.task.komar.entity.impl.TextComposite - Add new component is
21:43:01.564 [main] INFO  by.task.komar.entity.impl.TextComposite - Add new component b
21:43:01.564 [main] INFO  by.task.komar.entity.impl.TextComposite - Add new component a
21:43:01.564 [main] INFO  by.task.komar.entity.impl.TextComposite - Add new component d
21:43:01.564 [main] INFO  by.task.komar.entity.impl.TextComposite - Add new component bad
21:43:01.564 [main] INFO  by.task.komar.entity.impl.TextComposite - Add new component bad
21:43:01.564 [main] INFO  by.task.komar.entity.impl.TextComposite - Add new component f
21:43:01.564 [main] INFO  by.task.komar.entity.impl.TextComposite - Add new component o
21:43:01.564 [main] INFO  by.task.komar.entity.impl.TextComposite - Add new component r
21:43:01.564 [main] INFO  by.task.komar.entity.impl.TextComposite - Add new component for
21:43:01.564 [main] INFO  by.task.komar.entity.impl.TextComposite - Add new component for
21:43:01.564 [main] INFO  by.task.komar.entity.impl.TextComposite - Add new component c
21:43:01.564 [main] INFO  by.task.komar.entity.impl.TextComposite - Add new component h
21:43:01.564 [main] INFO  by.task.komar.entity.impl.TextComposite - Add new component i
21:43:01.564 [main] INFO  by.task.komar.entity.impl.TextComposite - Add new component l
21:43:01.564 [main] INFO  by.task.komar.entity.impl.TextComposite - Add new component d
21:43:01.564 [main] INFO  by.task.komar.entity.impl.TextComposite - Add new component r
21:43:01.564 [main] INFO  by.task.komar.entity.impl.TextComposite - Add new component e
21:43:01.564 [main] INFO  by.task.komar.entity.impl.TextComposite - Add new component n
21:43:01.564 [main] INFO  by.task.komar.entity.impl.TextComposite - Add new component children
21:43:01.564 [main] INFO  by.task.komar.entity.impl.TextComposite - Add new component .
21:43:01.564 [main] INFO  by.task.komar.entity.impl.TextComposite - Add new component children.
21:43:01.564 [main] INFO  by.task.komar.entity.impl.TextComposite - Add new component They say that advertising is bad for children.
21:43:01.564 [main] INFO  by.task.komar.entity.impl.TextComposite - Add new component Without advertising life is boring and colourless. But some consumers argue that advertising is a bad thing. They say that advertising is bad for children.
21:43:01.564 [main] INFO  by.task.komar.service.impl.TextServiceImpl - Sorted paragraphs: [Advertising hoardings in the street make our environment colourful., Advertising companies say advertising is necessary and important. It informs people about new products., Without advertising life is boring and colourless. But some consumers argue that advertising is a bad thing. They say that advertising is bad for children., And adverts on TV are often funny. Sometimes they are mini-dramas and we wait for the next programme in the mini-drama. Advertising can educate, too. Adverts tell us about new, healthy products. And adverts in magazines give us ideas for how to look prettier, be fashionable and be successful.]
21:43:01.564 [main] INFO  by.task.komar.entity.impl.TextComposite - Add new component A
21:43:01.564 [main] INFO  by.task.komar.entity.impl.TextComposite - Add new component d
21:43:01.564 [main] INFO  by.task.komar.entity.impl.TextComposite - Add new component v
21:43:01.564 [main] INFO  by.task.komar.entity.impl.TextComposite - Add new component e
21:43:01.564 [main] INFO  by.task.komar.entity.impl.TextComposite - Add new component r
21:43:01.564 [main] INFO  by.task.komar.entity.impl.TextComposite - Add new component t
21:43:01.564 [main] INFO  by.task.komar.entity.impl.TextComposite - Add new component i
21:43:01.564 [main] INFO  by.task.komar.entity.impl.TextComposite - Add new component s
21:43:01.564 [main] INFO  by.task.komar.entity.impl.TextComposite - Add new component i
21:43:01.579 [main] INFO  by.task.komar.entity.impl.TextComposite - Add new component n
21:43:01.579 [main] INFO  by.task.komar.entity.impl.TextComposite - Add new component g
21:43:01.579 [main] INFO  by.task.komar.entity.impl.TextComposite - Add new component Advertising
21:43:01.579 [main] INFO  by.task.komar.entity.impl.TextComposite - Add new component Advertising
21:43:01.579 [main] INFO  by.task.komar.entity.impl.TextComposite - Add new component h
21:43:01.579 [main] INFO  by.task.komar.entity.impl.TextComposite - Add new component o
21:43:01.579 [main] INFO  by.task.komar.entity.impl.TextComposite - Add new component a
21:43:01.579 [main] INFO  by.task.komar.entity.impl.TextComposite - Add new component r
21:43:01.579 [main] INFO  by.task.komar.entity.impl.TextComposite - Add new component d
21:43:01.579 [main] INFO  by.task.komar.entity.impl.TextComposite - Add new component i
21:43:01.579 [main] INFO  by.task.komar.entity.impl.TextComposite - Add new component n
21:43:01.579 [main] INFO  by.task.komar.entity.impl.TextComposite - Add new component g
21:43:01.579 [main] INFO  by.task.komar.entity.impl.TextComposite - Add new component s
21:43:01.579 [main] INFO  by.task.komar.entity.impl.TextComposite - Add new component hoardings
21:43:01.579 [main] INFO  by.task.komar.entity.impl.TextComposite - Add new component hoardings
21:43:01.579 [main] INFO  by.task.komar.entity.impl.TextComposite - Add new component i
21:43:01.579 [main] INFO  by.task.komar.entity.impl.TextComposite - Add new component n
21:43:01.579 [main] INFO  by.task.komar.entity.impl.TextComposite - Add new component in
21:43:01.579 [main] INFO  by.task.komar.entity.impl.TextComposite - Add new component in
21:43:01.579 [main] INFO  by.task.komar.entity.impl.TextComposite - Add new component t
21:43:01.579 [main] INFO  by.task.komar.entity.impl.TextComposite - Add new component h
21:43:01.579 [main] INFO  by.task.komar.entity.impl.TextComposite - Add new component e
21:43:01.579 [main] INFO  by.task.komar.entity.impl.TextComposite - Add new component the
21:43:01.579 [main] INFO  by.task.komar.entity.impl.TextComposite - Add new component the
21:43:01.579 [main] INFO  by.task.komar.entity.impl.TextComposite - Add new component s
21:43:01.579 [main] INFO  by.task.komar.entity.impl.TextComposite - Add new component t
21:43:01.579 [main] INFO  by.task.komar.entity.impl.TextComposite - Add new component r
21:43:01.579 [main] INFO  by.task.komar.entity.impl.TextComposite - Add new component e
21:43:01.579 [main] INFO  by.task.komar.entity.impl.TextComposite - Add new component e
21:43:01.579 [main] INFO  by.task.komar.entity.impl.TextComposite - Add new component t
21:43:01.579 [main] INFO  by.task.komar.entity.impl.TextComposite - Add new component street
21:43:01.579 [main] INFO  by.task.komar.entity.impl.TextComposite - Add new component street
21:43:01.579 [main] INFO  by.task.komar.entity.impl.TextComposite - Add new component m
21:43:01.579 [main] INFO  by.task.komar.entity.impl.TextComposite - Add new component a
21:43:01.579 [main] INFO  by.task.komar.entity.impl.TextComposite - Add new component k
21:43:01.579 [main] INFO  by.task.komar.entity.impl.TextComposite - Add new component e
21:43:01.579 [main] INFO  by.task.komar.entity.impl.TextComposite - Add new component make
21:43:01.579 [main] INFO  by.task.komar.entity.impl.TextComposite - Add new component make
21:43:01.579 [main] INFO  by.task.komar.entity.impl.TextComposite - Add new component o
21:43:01.579 [main] INFO  by.task.komar.entity.impl.TextComposite - Add new component u
21:43:01.579 [main] INFO  by.task.komar.entity.impl.TextComposite - Add new component r
21:43:01.579 [main] INFO  by.task.komar.entity.impl.TextComposite - Add new component our
21:43:01.579 [main] INFO  by.task.komar.entity.impl.TextComposite - Add new component our
21:43:01.579 [main] INFO  by.task.komar.entity.impl.TextComposite - Add new component e
21:43:01.579 [main] INFO  by.task.komar.entity.impl.TextComposite - Add new component n
21:43:01.579 [main] INFO  by.task.komar.entity.impl.TextComposite - Add new component v
21:43:01.595 [main] INFO  by.task.komar.entity.impl.TextComposite - Add new component i
21:43:01.595 [main] INFO  by.task.komar.entity.impl.TextComposite - Add new component r
21:43:01.595 [main] INFO  by.task.komar.entity.impl.TextComposite - Add new component o
21:43:01.595 [main] INFO  by.task.komar.entity.impl.TextComposite - Add new component n
21:43:01.595 [main] INFO  by.task.komar.entity.impl.TextComposite - Add new component m
21:43:01.595 [main] INFO  by.task.komar.entity.impl.TextComposite - Add new component e
21:43:01.595 [main] INFO  by.task.komar.entity.impl.TextComposite - Add new component n
21:43:01.595 [main] INFO  by.task.komar.entity.impl.TextComposite - Add new component t
21:43:01.595 [main] INFO  by.task.komar.entity.impl.TextComposite - Add new component environment
21:43:01.595 [main] INFO  by.task.komar.entity.impl.TextComposite - Add new component environment
21:43:01.595 [main] INFO  by.task.komar.entity.impl.TextComposite - Add new component c
21:43:01.595 [main] INFO  by.task.komar.entity.impl.TextComposite - Add new component o
21:43:01.595 [main] INFO  by.task.komar.entity.impl.TextComposite - Add new component l
21:43:01.595 [main] INFO  by.task.komar.entity.impl.TextComposite - Add new component o
21:43:01.595 [main] INFO  by.task.komar.entity.impl.TextComposite - Add new component u
21:43:01.595 [main] INFO  by.task.komar.entity.impl.TextComposite - Add new component r
21:43:01.595 [main] INFO  by.task.komar.entity.impl.TextComposite - Add new component f
21:43:01.595 [main] INFO  by.task.komar.entity.impl.TextComposite - Add new component u
21:43:01.595 [main] INFO  by.task.komar.entity.impl.TextComposite - Add new component l
21:43:01.595 [main] INFO  by.task.komar.entity.impl.TextComposite - Add new component colourful
21:43:01.595 [main] INFO  by.task.komar.entity.impl.TextComposite - Add new component .
21:43:01.595 [main] INFO  by.task.komar.entity.impl.TextComposite - Add new component colourful.
21:43:01.595 [main] INFO  by.task.komar.entity.impl.TextComposite - Add new component Advertising hoardings in the street make our environment colourful.
21:43:01.595 [main] INFO  by.task.komar.entity.impl.TextComposite - Add new component Advertising hoardings in the street make our environment colourful.
21:43:01.595 [main] INFO  by.task.komar.entity.impl.TextComposite - Add new component A
21:43:01.595 [main] INFO  by.task.komar.entity.impl.TextComposite - Add new component d
21:43:01.595 [main] INFO  by.task.komar.entity.impl.TextComposite - Add new component v
21:43:01.595 [main] INFO  by.task.komar.entity.impl.TextComposite - Add new component e
21:43:01.595 [main] INFO  by.task.komar.entity.impl.TextComposite - Add new component r
21:43:01.595 [main] INFO  by.task.komar.entity.impl.TextComposite - Add new component t
21:43:01.595 [main] INFO  by.task.komar.entity.impl.TextComposite - Add new component i
21:43:01.595 [main] INFO  by.task.komar.entity.impl.TextComposite - Add new component s
21:43:01.595 [main] INFO  by.task.komar.entity.impl.TextComposite - Add new component i
21:43:01.595 [main] INFO  by.task.komar.entity.impl.TextComposite - Add new component n
21:43:01.595 [main] INFO  by.task.komar.entity.impl.TextComposite - Add new component g
21:43:01.595 [main] INFO  by.task.komar.entity.impl.TextComposite - Add new component Advertising
21:43:01.595 [main] INFO  by.task.komar.entity.impl.TextComposite - Add new component Advertising
21:43:01.595 [main] INFO  by.task.komar.entity.impl.TextComposite - Add new component c
21:43:01.595 [main] INFO  by.task.komar.entity.impl.TextComposite - Add new component o
21:43:01.595 [main] INFO  by.task.komar.entity.impl.TextComposite - Add new component m
21:43:01.595 [main] INFO  by.task.komar.entity.impl.TextComposite - Add new component p
21:43:01.595 [main] INFO  by.task.komar.entity.impl.TextComposite - Add new component a
21:43:01.595 [main] INFO  by.task.komar.entity.impl.TextComposite - Add new component n
21:43:01.595 [main] INFO  by.task.komar.entity.impl.TextComposite - Add new component i
21:43:01.595 [main] INFO  by.task.komar.entity.impl.TextComposite - Add new component e
21:43:01.595 [main] INFO  by.task.komar.entity.impl.TextComposite - Add new component s
21:43:01.595 [main] INFO  by.task.komar.entity.impl.TextComposite - Add new component companies
21:43:01.595 [main] INFO  by.task.komar.entity.impl.TextComposite - Add new component companies
21:43:01.595 [main] INFO  by.task.komar.entity.impl.TextComposite - Add new component s
21:43:01.595 [main] INFO  by.task.komar.entity.impl.TextComposite - Add new component a
21:43:01.595 [main] INFO  by.task.komar.entity.impl.TextComposite - Add new component y
21:43:01.595 [main] INFO  by.task.komar.entity.impl.TextComposite - Add new component say
21:43:01.595 [main] INFO  by.task.komar.entity.impl.TextComposite - Add new component say
21:43:01.595 [main] INFO  by.task.komar.entity.impl.TextComposite - Add new component a
21:43:01.595 [main] INFO  by.task.komar.entity.impl.TextComposite - Add new component d
